97290
97290
97290
97290
97290
97290
97290
97290
97290
97290
97290
97290
97290
97290
97290
97290
97290
97290
97290
97290
97290
97290
97290
97290
97290
97290
97290
97290
97290
97290
97290
97290
97290
97290
97290
97290
97290
97290
97290
97290
97290
97290
97290
97290
97290
97290
97290
97290
97290
97290
97290
97290
97290
97290
97290
97290
97290
97290
97290
97290
97290
97290
97290
97290
97290
97290
97290
97290
97290
97290
97290
97290
97290
97290
97290
96885
98060
98060
96502
82126
92736
96502
92736
96502
97290
96885
96885
96502
88198
96124
88198
98060
96502
98060
63127
75568
96502
92320
0
82831
