99860
99860
99860
99860
99860
99860
99860
99860
99860
99860
99860
99860
99860
99860
99860
99860
99860
99860
99860
99860
99860
99860
99860
99860
99860
99860
99860
99860
99860
99860
99860
99860
99860
99860
99860
99860
99860
99860
99860
99860
99860
99860
99860
99860
99860
99860
99860
99860
99860
99860
99860
99860
99860
99860
99860
99860
99860
99860
99860
99860
99860
99860
99860
99860
99860
99860
99860
99860
99860
99860
99860
99860
99860
99860
99860
99860
99860
99860
99860
99860
99860
99860
99860
99860
99860
99860
99860
99860
99860
99860
99860
99860
99860
99860
99860
99860
99860
99860
99860
99860
99860
99860
99860
99860
99860
99860
99860
99860
99860
99860
99860
99860
99860
99860
99860
99860
99860
99860
99860
99860
99860
99860
99860
99860
99860
99860
99860
99860
99860
99860
99860
99860
99860
99860
99860
99860
99860
99860
99860
99860
99860
99860
99860
99860
99860
99860
99860
99860
99860
99860
99860
99860
99860
99860
99860
99860
99860
99860
99860
99860
99860
99860
99860
99860
99860
99860
99860
99860
99860
99860
99860
99860
99860
99860
99860
99860
99860
99860
99860
99860
99860
99860
99860
99860
99860
99860
99860
99860
99860
99860
99860
99860
99860
99860
99860
99860
99860
99860
99860
99860
99860
99860
99860
99860
99860
99860
99860
99860
99860
99860
99860
99860
99860
99860
99860
99860
99860
99860
99860
99860
99860
99860
99860
99860
99860
99860
99860
99860
99860
99860
99860
99860
99860
99860
99860
99860
99860
99860
99860
99860
99860
99860
99860
99860
99860
99860
99860
99860
99860
99860
99860
99860
99860
99860
99860
99860
99860
99860
99860
99860
99860
99860
99860
99860
99860
99860
99860
99860
99860
99860
99860
99860
99860
99860
99860
99860
99860
99860
99860
99860
99860
99860
99860
99860
99860
99860
99860
99860
99860
99860
99860
99860
99860
99860
99860
99860
99860
99860
99860
99860
99860
99860
99860
99860
99860
99860
99860
99860
99860
99860
99860
99860
99860
99860
99860
99860
99860
99860
99860
99860
99860
99860
99860
99860
99860
99860
99860
99860
99860
99860
99860
99860
99860
99860
99860
99860
99860
99860
99860
99860
99860
99860
99860
99860
99860
99860
99860
99860
99860
99860
99860
99860
99860
99860
99860
99860
99860
99860
99860
99860
99860
99860
99860
99860
99860
99860
99860
99860
99860
99860
99860
99860
99860
99860
99860
99860
99860
99860
99860
99860
99860
99860
99860
99860
99860
99860
99860
99860
99860
99860
99860
99860
99860
99860
99860
99860
99860
99860
99860
99860
99860
99860
99860
99860
99860
99860
99860
99860
99860
99860
99860
99860
99860
99860
99860
99860
99860
99860
99860
99860
99860
99860
99860
99860
99860
99860
99860
99860
99860
99860
99860
99860
99860
99860
99860
99860
99860
99860
99860
99860
99860
99860
99860
99860
99860
99860
99860
99860
99860
99860
99860
99860
99860
99860
99860
99860
99860
99860
99860
99860
99860
99860
99860
99860
99860
99860
99860
99860
99860
99860
99860
99860
99860
99860
99860
99860
99860
99860
99860
99860
99860
99860
99860
99860
99860
99860
99860
99860
99860
99860
99860
99860
99860
99860
99860
99860
99860
99860
99860
99860
99860
99860
99860
99860
99860
99860
99860
99860
99860
99860
99860
99860
99860
99860
99860
99860
99860
99860
99860
99860
99860
99860
99860
99860
99860
99860
99860
99860
99860
99860
99860
99860
99860
99860
99860
99860
99860
99860
99860
99860
99860
99860
99860
99860
99860
99860
99860
99860
99860
99860
99860
99860
99860
99860
99860
99860
99860
99860
99860
99860
99860
99860
99860
99860
99860
99860
99860
99860
99860
99860
99860
99860
99860
99860
99860
99860
99860
99860
99860
99860
99860
99860
99860
99860
99860
99860
99860
99860
99860
99860
99860
99860
99860
99860
99860
99860
99860
99860
99860
99860
99860
99860
99860
99860
99860
99860
99860
99860
99860
99860
99860
99860
99860
99860
99860
99860
99860
99860
99860
99860
99860
99860
99860
99860
99860
99860
99860
99860
99860
99860
99860
99860
99860
99860
99860
99860
99860
99860
99860
99860
99860
99860
99860
99860
99860
99860
99860
99860
99860
99860
99860
99860
99860
99860
99860
99860
99860
99860
99860
99860
99860
99860
99860
99860
99860
99860
99860
99860
99860
99860
99860
99860
99860
99860
99860
99860
99860
99860
99860
99860
99860
99860
99860
99860
99860
99860
99860
99860
99860
99860
99860
99860
99860
99860
99860
99860
99860
99860
99860
99860
99860
99860
99860
99860
99860
99860
99860
99860
99860
99860
99860
99860
99860
99860
99860
99860
99860
99860
99860
99860
99860
99860
99860
99860
99860
99860
99860
99860
99860
99860
99860
99860
99860
99860
99860
99860
99860
99860
99860
99860
99860
99860
99860
99860
99860
99860
99860
99860
99860
99860
99736
78716
99539
99267
98353
97223
99267
98684
99736
98184
97729
99267
98291
99860
98135
97223
60165
99860
99267
98353
99130
91484
99816
99816
98039
99816
97995
99205
98977
99816
16143
99495
99539
99495
98353
99816
99736
98977
99914
97188
99252
98977
99816
98455
98977
98977
98977
96472
99267
97709
81053
98353
98184
99539
99267
98977
98977
97894
98977
98184
99539
97995
99539
99448
99034
99036
95148
99914
99736
98684
98039
98977
99914
99914
98977
99736
70402
99130
99205
91958
98455
99816
99539
99219
99267
99267
96008
99205
99816
94339
99860
99267
99433
97399
96008
98135
99816
99816
99130
99205
97729
99816
92420
98039
98135
99736
99267
99914
98977
99816
99816
98353
99736
99816
99034
99914
99860
99816
99036
99816
99914
99736
99860
99816
96804
98239
98039
85056
77245
91259
98039
99816
68324
99036
99816
98977
99539
99816
99267
99736
99539
99736
99914
99267
99267
99036
99736
99816
99267
98135
98353
98291
99914
99267
67350
99267
96177
99539
99267
97223
89686
94040
98184
73664
99034
99736
94040
99816
96804
98977
99495
99143
99036
98135
97033
99143
98184
97326
85510
99539
99267
99736
99252
99219
91958
99816
99914
99860
97729
90888
99816
99736
99816
99539
99816
99816
97729
99914
99914
96804
99816
99495
88263
99816
98239
98977
99816
99736
94110
94087
99034
98353
98977
99736
99914
99433
99816
97033
99816
98239
99539
99736
97687
97791
99816
99914
98190
99205
99267
99914
98977
99816
24590
99267
99736
99130
99267
99816
97729
78905
99914
99914
99914
99816
98977
98184
99034
99816
98353
98455
