99990
99990
99990
99990
99990
99990
99990
99990
99990
99990
99990
99990
99990
99990
99990
99990
99990
99990
99990
99990
99990
99990
99990
99990
99990
99990
99990
99990
99990
99990
99990
99990
99990
99990
99990
99990
99990
99990
99990
99990
99990
99990
99990
99990
99990
99990
99990
99990
99990
99990
99990
99990
99990
99990
99990
99990
99990
99990
99990
99990
99990
99990
99990
99990
99990
99990
99990
99990
99990
99990
99990
99990
99990
99990
99990
99990
99990
99990
99990
99990
99990
99990
99990
99990
99990
99990
99990
99990
99990
99990
99990
99990
99990
99990
99990
99990
99990
99990
99990
99990
99990
99990
99990
99990
99990
99990
99990
99990
99990
99990
99990
99990
99990
99990
99990
99990
99990
99990
99990
99990
99990
99990
99990
99990
99990
99990
99990
99990
99990
99990
99990
99990
99990
99990
99990
99990
99990
99990
99990
99990
99990
99990
99990
99990
99990
99990
99990
99990
99990
99990
99990
99990
99990
99990
99990
99990
99990
99990
99990
99990
99990
99990
99990
99990
99990
99990
99990
99990
99990
99990
99990
99990
99990
99990
99990
99990
99990
99990
99990
99990
99990
99990
99990
99990
99990
99990
99990
99990
99990
99990
99990
99990
99990
99990
99990
99990
99990
99990
99990
99990
99990
99990
99990
99990
99990
99990
99990
99990
99990
99990
99990
99990
99990
99990
99990
99990
99990
99990
99990
99990
99990
99990
99990
99990
99990
99990
99990
99990
99990
99990
99990
99990
99990
99990
99990
99990
99990
99990
99990
99990
99990
99990
99990
99990
99990
99990
99990
99990
99990
99990
99990
99990
99990
99990
99990
99990
99990
99990
99990
99990
99990
99990
99990
99990
99990
99990
99990
99990
99990
99990
99990
99990
99990
99990
99990
99990
99990
99990
99990
99990
99990
99990
99990
99990
99990
99990
99990
99990
99990
99990
99990
99990
99990
99990
99990
99990
99990
99990
99990
99990
99990
99990
99990
99990
99990
99990
99990
99990
99990
99990
99990
99990
99990
99990
99990
99990
99990
99990
99990
99990
99990
99990
99990
99990
99990
99990
99990
99990
99990
99990
99990
99990
99990
99990
99990
99990
99990
99990
99990
99990
99990
99990
99990
99990
99990
99990
99990
99990
99990
99990
99990
99990
99990
99990
99990
99990
99990
99990
99990
99990
99990
99990
99990
99990
99990
99990
99990
99990
99990
99990
99990
99990
99990
99990
99990
99990
99990
99990
99990
99990
99990
99990
99990
99990
99990
99990
99990
99990
99990
99990
99990
99990
99990
99990
99990
99990
99990
99990
99990
99990
99990
99990
99990
99990
99990
99990
99990
99990
99990
99990
99990
99990
99990
99990
99990
99990
99990
99990
99990
99990
99990
99990
99990
99990
99990
99990
99990
99990
99990
99990
99990
99990
99990
99990
99990
99990
99990
99990
99990
99990
99990
99990
99990
99990
99990
99990
99990
99990
99990
99990
99990
99990
99990
99990
99990
99990
99990
99990
99990
99990
99990
99990
99990
99990
99990
99990
99990
99990
99990
99990
99990
99990
99990
99990
99990
99990
99990
99990
99990
99990
99990
99990
99990
99990
99990
99990
99990
99990
99990
99990
99990
99990
99990
99990
99990
99990
99990
99990
99990
99990
99990
99990
99990
99990
99990
99990
99990
99990
99990
99990
99990
99990
99990
99990
99990
99990
99990
99990
99990
99990
99990
99990
99990
99990
99990
99990
99990
99990
99990
99990
99990
99990
99990
99990
99990
99990
99990
99990
99990
99990
99990
99990
99990
99990
99990
99990
99990
99990
99990
99990
99990
99990
99990
99990
99990
99990
99990
99990
99990
99990
99990
99990
99990
99990
99990
99990
99990
99990
99990
99990
99990
99990
99990
99990
99990
99990
99990
99990
99990
99990
99990
99990
99990
99990
99990
99990
99990
99990
99990
99990
99990
99990
99990
99990
99990
99990
99990
99990
99990
99990
99990
99990
99990
99990
99990
99990
99990
99990
99990
99990
99990
99990
99990
99990
99990
99990
99990
99990
99990
99990
99990
99990
99990
99990
99990
99990
99990
99990
99990
99990
99990
99990
99990
99990
99990
99990
99990
99990
99990
99990
99990
99990
99990
99990
99990
99990
99990
99990
99990
99990
99990
99990
99990
99990
99990
99990
99990
99990
99990
99990
99990
99990
99990
99990
99990
99990
99990
99990
99990
99990
99990
99990
99990
99990
99990
99990
99990
99990
99990
99990
99990
99990
99990
99990
99990
99990
99990
99990
99990
99990
99990
99990
99990
99990
99990
99990
99990
99990
99990
99990
99990
99990
99990
99990
99990
99990
99990
99990
99990
99990
99990
99990
99990
99990
99990
99990
99990
99990
99990
99990
99990
99990
99990
99990
99990
99990
99990
99990
99990
99990
99990
99990
99990
99990
99990
99990
99990
99990
99990
99990
99990
99990
99990
99990
99990
99990
99990
99990
99990
99990
99990
99990
99990
99990
99990
99990
99990
99990
99990
99990
99990
99990
99990
99990
99990
99990
99990
99990
99990
99990
99990
99990
99990
99990
99990
99990
99990
99990
99990
99990
99990
99990
99990
99990
99990
99990
99990
99990
99990
99990
99990
99990
99990
99990
99990
99990
99990
99990
99990
99990
99990
99990
99990
99990
99990
99990
99990
99990
99990
99990
99990
99990
99990
99990
99990
99990
99990
99990
99990
99990
99990
99990
99990
99990
99990
99990
99990
99990
99990
99990
99990
99990
99990
99990
99990
99990
99990
99990
99990
99990
99990
99990
99990
99990
99990
99990
99990
99990
99990
99990
99990
99990
99990
99990
99990
99990
99990
99990
99990
99990
99990
99990
99990
99990
99990
99990
99990
99990
99990
99990
99990
99990
99990
99990
99990
99990
99990
99990
99990
99990
99990
99990
99990
99990
99990
99990
99990
99990
99990
99990
99990
99990
99990
99990
99990
99990
99990
99990
99990
99990
99990
99990
99990
99990
99990
99990
99990
99990
99990
99990
99990
99990
99990
99990
99990
99990
99990
99990
99990
99990
99990
99990
99990
99990
99990
99990
99990
99990
99990
99990
99990
99990
99990
99990
99990
99990
99990
99990
99990
99990
99990
99990
99990
99990
99990
99990
99990
99990
99990
99990
99990
99990
99990
99990
99990
99990
99990
99990
99990
99990
99990
99990
99990
99990
99990
99990
99990
99990
99990
99990
99990
99990
99990
99990
99990
99990
99990
99990
99990
99990
99990
99990
99990
99990
99990
99990
99990
99990
99990
99990
99990
99990
99990
99990
99990
99990
99990
99990
99990
99990
99990
99990
99990
99990
99990
99990
99990
99990
99990
99990
99990
99990
99990
99990
99990
99990
99990
99990
99990
99990
99990
99990
99990
99990
99990
99990
99990
99990
99990
99990
99990
99990
99990
99990
99990
99990
99990
99990
99990
99990
99990
99990
99990
99990
99990
99990
99990
99990
99990
99990
99990
99990
99990
99990
99990
99990
99990
99990
99990
99990
99990
99990
99990
99990
99990
99990
99990
99990
99990
99990
99990
99990
99990
99990
99990
99990
99990
99990
99990
99990
99990
99990
99990
99990
99990
99990
99990
99990
99990
99990
99990
99990
99990
99990
99990
99990
99990
99990
99990
99990
99990
99990
99990
99990
99990
99990
99990
99990
99990
99990
99990
99990
99990
99990
99990
99990
99990
99990
99990
99990
99990
99990
99990
99990
99990
99990
99990
99990
99990
99990
99990
99990
99990
99990
99990
99990
99990
99990
99990
99990
99990
99990
99990
99990
99990
99990
99990
99990
99990
99990
99990
99990
99990
99990
99990
99990
99990
99990
99990
99990
99990
99990
99990
99990
99990
99990
99990
99990
99990
99990
99990
99990
99990
99990
99990
99990
99990
99990
99990
99990
99990
99990
99990
99990
99990
99990
99990
99990
99990
99990
99990
99990
99990
99990
99990
99990
99990
99990
99990
99990
99990
99990
99990
99990
99990
99990
99990
99990
99990
99990
99990
99990
99990
99990
99990
99990
99990
99990
99990
99990
99990
99990
99990
99990
99990
99990
99990
99990
99990
99990
99990
99990
99990
99990
99990
99990
99990
99990
99990
99990
99990
99990
99990
99990
99990
99990
99990
99990
99990
99990
99990
99990
99990
99990
99990
99990
99990
99990
99990
99990
99990
99990
99990
99990
99990
99990
99990
99990
99990
99990
99990
99990
99990
99990
99990
99990
99990
99990
99990
99990
99990
99990
99990
99990
99990
99990
99990
99990
99990
99990
99990
99990
99990
99990
99990
99990
99990
99990
99990
99990
99990
99990
99990
99990
99990
99990
99990
99990
99990
99990
99990
99990
99990
99990
99990
99990
99990
99990
99990
99990
99990
99990
99990
99990
99990
99990
99990
99990
99990
99990
99990
99990
99990
99990
99990
99990
99990
99990
99990
99990
99990
99990
99990
99990
99990
99990
99990
99990
99990
99990
99990
99990
99990
99990
99990
99990
99990
99990
99990
99990
99990
99990
99990
99990
99990
99990
99990
99990
99990
99990
99990
99990
99990
99990
99990
99990
99990
99990
99990
99990
99990
99990
99990
99990
99990
99990
99990
99990
99990
99990
99990
99990
99990
99990
99990
99990
99990
99990
99990
99990
99990
99990
99990
99990
99990
99990
99990
99990
99990
99990
99990
99990
99990
99990
99990
99990
99990
99990
99990
99990
99990
99990
99990
99990
99990
99990
99990
99990
99990
99990
99990
99990
99990
99990
99990
99990
99990
99990
99990
99990
99990
99990
99990
99990
99990
99990
99990
99990
99990
99990
99990
99990
99990
99990
99990
99990
99990
99990
99990
99990
99990
99990
99990
99990
99990
99990
99990
99990
99990
99990
99990
99990
99990
99990
99990
99990
99990
99990
99990
99990
99990
99990
99990
99990
99990
99990
99990
99990
99990
99990
99990
99990
99990
99990
99990
99990
99990
99990
99990
99990
99990
99990
99990
99990
99990
99990
99990
99990
99990
99990
99990
99990
99990
99990
99990
99990
99990
99990
99990
99990
99990
99990
99990
99990
99990
99990
99990
99990
99990
99990
99990
99990
99990
99990
99990
99990
99990
99990
99990
99990
99990
99990
99990
99990
99990
99990
99990
99990
99990
99990
99990
99990
99990
99990
99990
99990
99990
99990
99990
99990
99990
99990
99990
99990
99990
99990
99990
99990
99990
99990
99990
99990
99990
99990
99990
99990
99990
99990
99990
99990
99990
99990
99990
99990
99990
99990
99990
99990
99990
99990
99990
99990
99990
99990
99990
99990
99990
99990
99990
99990
99990
99990
99990
99990
99990
99990
99990
99990
99990
99990
99990
99990
99990
99990
99990
99990
99990
99990
99990
99990
99990
99990
99990
99990
99990
99990
99990
99990
99990
99990
99990
99990
99990
99990
99990
99990
99990
99990
99990
99990
99990
99990
99990
99990
99990
99990
99990
99990
99990
99990
99990
99990
99990
99990
99990
99990
99990
99990
99990
99990
99990
99990
99990
99990
99990
99990
99990
99990
99990
99990
99990
99990
99990
99990
99990
99990
99990
99990
99990
99990
99990
99990
99990
99990
99990
99990
99990
99990
99990
99990
99990
99990
99990
99990
99990
99990
99990
99990
99990
99990
99990
99990
99990
99990
99990
99990
99990
99990
99990
99990
99990
99990
99990
99990
99990
99990
99990
99990
99990
99990
99990
99990
99990
99990
99990
99990
99990
99990
99990
99990
99990
99990
99990
99990
99990
99990
99990
99990
99990
99990
99990
99990
99990
99990
99990
99990
99990
99990
99990
99990
99990
99990
99990
99990
99990
99990
99990
99990
99990
99990
99990
99990
99990
99990
99990
99990
99990
99990
99990
99990
99990
99990
99990
99990
99990
99990
99990
99990
99990
99990
99990
99990
99990
99990
99990
99990
99990
99990
99990
99990
99990
99990
99990
99990
99990
99990
99990
99990
99990
99990
99990
99990
99990
99990
99990
99990
99990
99990
99990
99990
99990
99990
99990
99990
99990
99990
99990
99990
99990
99990
99990
99990
99990
99990
99990
99990
99990
99990
99990
99990
99990
99990
99990
99990
99990
99990
99990
99990
99990
99990
99990
99990
99990
99990
99990
99990
99990
99990
99990
99990
99990
99990
99990
99990
99990
99990
99990
99990
99990
99990
99990
99990
99990
99990
99990
99990
99990
99990
99990
99990
99990
99990
99990
99990
99990
99990
99990
99990
99990
99990
99990
99990
99990
99990
99990
99990
99990
99990
99990
99990
99990
99990
99990
99990
99990
99990
99990
99990
99990
99990
99990
99990
99990
99990
99990
99990
99990
99990
99990
99990
99990
99990
99990
99990
99990
99990
99990
99990
99990
99990
99990
99990
99990
99990
99990
99990
99990
99990
99990
99990
99990
99990
99990
99990
99990
99990
99990
99990
99990
99990
99990
99990
99990
99990
99990
99990
99990
99990
99990
99990
99990
99990
99990
99990
99990
99990
99990
99990
99990
99990
99990
99990
99990
99990
99990
99990
99990
99990
99990
99990
99990
99990
99990
99990
99990
99990
99990
99990
99990
99990
99990
99990
99990
99990
99990
99990
99990
99990
99990
99990
99990
99990
99990
99990
99990
99990
99990
99990
99990
99990
99990
99990
99990
99990
99990
99990
99990
99990
99990
99990
99990
99990
99990
99990
99990
99990
99990
99990
99990
99990
99990
99990
99990
99990
99990
99990
99990
99990
99990
99990
99990
99990
99990
99990
99990
99990
99990
99990
99990
99990
99990
99990
99990
99990
99990
99990
99990
99990
99990
99990
99990
99990
99990
99990
99990
99990
99990
99990
99990
99990
99990
99990
99990
99990
99990
99990
99990
99990
99990
99990
99990
99990
99990
99990
99990
99990
99990
99990
99990
99990
99990
99990
99990
99990
99990
99990
99990
99990
99990
99990
99990
99990
99990
99990
99990
99990
99990
99990
99990
99990
99990
99990
99990
99990
99990
99990
99990
99990
99990
99990
99990
99990
99990
99990
99990
99990
99990
99990
99990
99990
99990
99990
99990
99990
99990
99990
99990
99990
99990
99990
99990
99990
99990
99990
99990
99990
99990
99990
99990
99990
99990
99990
99990
99990
99990
99990
99990
99990
99990
99990
99990
99990
99990
99990
99990
99990
99990
99990
99990
99990
99990
99990
99990
99990
99990
99990
99990
99990
99990
99990
99990
99990
99990
99990
99990
99990
99990
99990
99990
99990
99990
99990
99990
99990
99990
99990
99990
99990
99990
99990
99990
99990
99990
99990
99990
99990
99990
99990
99990
99990
99990
99990
99990
99990
99990
99990
99990
99990
99990
99990
99990
99990
99990
99990
99990
99990
99990
99990
99990
99990
99990
99990
99990
99990
99990
99990
99990
99990
99990
99990
99990
99990
99990
99990
99990
99990
99990
99990
99990
99990
99990
99990
99990
99990
99990
99990
99990
99990
99990
99990
99990
99990
99990
99990
99990
99990
99990
99990
99990
99990
99990
99990
99990
99990
99990
99990
99990
99990
99990
99990
99990
99990
99990
99990
99990
99990
99990
99990
99990
99990
99990
99990
99990
99990
99990
99990
99990
99990
99990
99990
99990
99990
99990
99990
99990
99990
99990
99990
99990
99990
99990
99990
99990
99990
99990
99990
99990
99990
99990
99990
99990
99990
99990
99990
99990
99990
99990
99990
99990
99990
99990
99990
99990
99990
99990
99990
99990
99990
99990
99990
99990
99990
99990
99990
99990
99990
99990
99990
99990
99990
99990
99990
99990
99990
99990
99990
99990
99990
99990
99990
99990
99990
99990
99990
99990
99990
99990
99990
99990
99990
99990
99990
99990
99990
99990
99990
99990
99990
99990
99990
99990
99990
99990
99990
99990
99990
99990
99990
99990
99990
99990
99990
99990
99990
99990
99990
99990
99990
99990
99990
99990
99990
99990
99990
99990
99990
99990
99990
99990
99990
99990
99990
99990
99990
99990
99990
99990
99990
99990
99990
99990
99990
99990
99990
99990
99990
99990
99990
99990
99990
99990
99990
99990
99990
99990
99990
99990
99990
99990
99990
99990
99990
99990
99990
99990
99990
99990
99990
99990
99990
99990
99990
99990
99990
99990
99990
99990
99990
99990
99990
99990
99990
99990
99990
99990
99990
99990
99990
99990
99990
99990
99990
99990
99990
99990
99990
99990
99990
99990
99990
99990
99990
99990
99990
99990
99990
99990
99990
99990
99990
99990
99990
99990
99990
99990
99990
99990
99990
99990
99990
99990
99990
99990
99990
99990
99990
99990
99990
99990
99990
99990
99990
99990
99990
99990
99990
99990
99990
99990
99990
99990
99990
99990
99990
99990
99990
99990
99990
99990
99990
99990
99990
99990
99990
99990
99990
99990
99990
99990
99990
99990
99990
99990
99990
99990
99990
99990
99990
99990
99990
99990
99990
99990
99990
99990
99990
99990
99990
99990
99990
99990
99990
99990
99990
99990
99990
99990
99990
99990
99990
99990
99990
99990
99990
99990
99990
99990
99990
99990
99990
99990
99990
99990
99990
99990
99990
99990
99990
99990
99990
99990
99990
99990
99990
99990
99990
99990
99990
99990
99990
99990
99990
99990
99990
99990
99990
99990
99990
99990
99990
99990
99990
99990
99990
99990
99990
99990
99990
99990
99990
99990
99990
99990
99990
99990
99990
99990
99990
99990
99990
99990
99990
99990
99990
99990
99990
99990
99990
99990
99990
99990
99990
99990
99990
99990
99990
99990
99990
99990
99990
99990
99990
99990
99990
99990
99990
99990
99990
99990
99990
99990
99990
99990
99990
99990
99990
99990
99990
99990
99990
99990
99990
99990
99990
99990
99990
99990
99990
99990
99990
99990
99990
99990
99990
99990
99990
99990
99990
99990
99990
99990
99990
99990
99990
99990
99990
99990
99990
99990
99990
99990
99990
99990
99990
99990
99990
99990
99990
99990
99990
99990
99990
99990
99990
99990
99990
99990
99990
99990
99990
99990
99990
99990
99990
99990
99990
99990
99990
99990
99990
99990
99990
99990
99990
99990
99990
99990
99990
99990
99990
99990
99990
99990
99990
99990
99990
99990
99990
99990
99990
99990
99990
99990
99990
99990
99990
99990
99990
99990
99990
99990
99990
99990
99990
99990
99990
99990
99990
99990
99990
99990
99990
99990
99990
99990
99990
99990
99990
99990
99990
99990
99990
99990
99990
99990
99990
99990
99990
99990
99990
99990
99990
99990
99990
99990
99990
99990
99990
99990
99990
99990
99990
99990
99990
99990
99990
99990
99990
99990
99990
99990
99990
99990
99990
99990
99990
99990
99990
99990
99990
99990
99990
99990
99990
99990
99990
99990
99990
99990
99990
99990
99990
99990
99990
99990
99990
99990
99990
99990
99990
99990
99990
99990
99990
99990
99990
99990
99990
99990
99990
99990
99990
99990
99990
99990
99990
99990
99990
99990
99990
99990
99990
99990
99990
99990
99990
99990
99990
99990
99990
99990
99990
99990
99990
99990
99990
99990
99990
99990
99990
99990
99990
99990
99990
99990
99990
99990
99990
99990
99990
99990
99990
99990
99990
99990
99990
99990
99990
99990
99990
99990
99990
99990
99990
99990
99990
99990
99990
99990
99990
99990
99990
99990
99990
99990
99990
99990
99990
99990
99990
99990
99990
99990
99990
99990
99990
99990
99990
99990
99990
99990
99990
99990
99990
99990
99990
99990
99990
99990
99990
99990
99990
99990
99990
99990
99990
99990
99990
99990
99990
99990
99990
99990
99990
99990
99990
99990
99990
99990
99990
99990
99990
99990
99990
99990
99990
99990
99990
99990
99990
99990
99990
99990
99990
99990
99990
99990
99990
99990
99990
99990
99990
99990
99990
99990
99990
99990
99990
99990
99990
99990
99990
99990
99990
99990
99990
99990
99990
99990
99990
99990
99990
99990
99990
99990
99990
99990
99990
99990
99990
99990
99990
99990
99990
99990
99990
99990
99990
99990
99990
99990
99990
99990
99990
99990
99990
99990
99990
99990
99990
99990
99990
99990
99990
99990
99990
99990
99990
99990
99990
99990
99990
99990
99990
99990
99990
99990
99990
99990
99990
99990
99990
99990
99990
99990
99990
99990
99990
99990
99990
99990
99990
99990
99990
99990
99990
99990
99990
99990
99990
99990
99990
99990
99990
99990
99990
99990
99990
99990
99990
99990
99990
99990
99990
99990
99990
99990
99990
99990
99990
99990
99990
99990
99990
99990
99990
99990
99990
99990
99990
99990
99990
99990
99990
99990
99990
99990
99990
99990
99990
99990
99990
99990
99990
99990
99990
99990
99990
99990
99990
99990
99990
99990
99990
99990
99990
99990
99990
99990
99990
99990
99990
99990
99990
99990
99990
99990
99990
99990
99990
99990
99990
99990
99990
99990
99990
99990
99990
99990
99990
99990
99990
99990
99990
99990
99990
99990
99990
99990
99990
99990
99990
99990
99990
99990
99990
99990
99990
99990
99990
99990
99990
99990
99990
99990
99990
99990
99990
99990
99990
99990
99990
99990
99990
99990
99990
99990
99990
99990
99990
99990
99990
99990
99990
99990
99990
99990
99990
99990
99990
99990
99990
99990
99990
99990
99990
99990
99990
99990
99990
99990
99990
99990
99990
99990
99990
99990
99990
99990
99990
99990
99990
99990
99990
99990
99990
99990
99990
99990
99990
99990
99990
99990
99990
99990
99990
99990
99990
99990
99990
99990
99990
99990
99990
99990
99990
99990
99990
99990
99990
99990
99990
99990
99990
99990
99990
99990
99990
99990
99990
99990
99990
99990
99990
99990
99990
99990
99990
99990
99990
99990
99990
99990
99990
99990
99990
99990
99990
99990
99990
99990
99990
99990
99990
99990
99990
99990
99990
99990
99990
99990
99990
99990
99990
99990
99990
99990
99990
99990
99990
99990
99990
99990
99990
99990
99990
99990
99990
99990
99990
99990
99990
99990
99990
99990
99990
99990
99990
99990
99990
99990
99990
99990
99990
99990
99990
99990
99990
99990
99990
99990
99990
99990
99990
99990
99990
99990
99990
99990
99990
99990
99990
99990
99990
99990
99990
99990
99990
99990
99990
99990
99990
99990
99990
99990
99990
99990
99990
99990
99990
99990
99990
99990
99990
99990
99990
99990
99990
99990
99990
99990
99990
99990
99990
99990
99990
99990
99990
99990
99990
99990
99990
99990
99990
99990
99990
99990
99990
99990
99990
99990
99990
99990
99990
99990
99990
99990
99990
99990
99990
99990
99990
99990
99990
99990
99990
99990
99990
99990
99990
99990
99990
99990
99990
99990
99990
99990
99990
99990
99990
99990
99990
99990
99990
99990
99990
99990
99990
99990
99990
99990
99990
99990
99990
99990
99990
99990
99990
99990
99990
99990
99990
99990
99990
99990
99990
99990
99990
99990
99990
99990
99990
99990
99990
99990
99990
99990
99990
99990
99990
99990
99990
99990
99990
99990
99990
99990
99990
99990
99990
99990
99990
99990
99990
99990
99990
99990
99990
99990
99990
99990
99990
99990
99990
99990
99990
99990
99990
99990
99990
99990
99990
99990
99990
99990
99990
99990
99990
99990
99990
99990
99990
99990
99990
99990
99990
99990
99990
99990
99990
99990
99990
99990
99990
99990
99990
99990
99990
99990
99990
99990
99990
99990
99990
99990
99990
99990
99990
99990
99990
99990
99990
99990
99990
99990
99990
99990
99990
99990
99990
99990
99990
99990
99990
99990
99990
99990
99990
99990
99990
99990
99990
99990
99990
99990
99990
99990
99990
99990
99990
99990
99990
99990
99990
99990
99990
99990
99990
99990
99990
99990
99990
99990
99990
99990
99990
99990
99990
99990
99990
99990
99990
99990
99990
99990
99990
99990
99990
99990
99990
99990
99990
99990
99990
99990
99990
99990
99990
99990
99990
99990
99990
99990
99990
99990
99990
99990
99990
99990
99990
99990
99990
99990
99990
99990
99990
99990
99990
99990
99990
99990
99990
99990
99990
99990
99990
99990
99990
99990
99990
99990
99990
99990
99990
99990
99990
99990
99990
99990
99990
99990
99990
99990
99990
99990
99990
99990
99990
99990
99990
99990
99990
99990
99990
99990
99990
99990
99990
99990
99990
99990
99990
99990
99990
99990
99990
99990
99990
99990
99990
99990
99990
99990
99990
99990
99990
99990
99990
99990
99990
99990
99990
99990
99990
99990
99990
99990
99990
99990
99990
99990
99990
99990
99990
99990
99990
99990
99990
99990
99990
99990
99990
99990
99990
99990
99990
99990
99990
99990
99990
99990
99990
99990
99990
99990
99990
99990
99990
99990
99990
99990
99990
99990
99990
99990
99990
99990
99990
99990
99990
99990
99990
99990
99990
99990
99990
99990
99990
99990
99990
99990
99990
99990
99990
99990
99990
99990
99990
99990
99990
99990
99990
99990
99990
99990
99990
99990
99990
99990
99990
99990
99990
99990
99990
99990
99990
99990
99990
99990
99990
99990
99990
99990
99990
99990
99990
99990
99990
99990
99990
99990
99990
99990
99990
99990
99990
99990
99990
99990
99990
99990
99990
99990
99990
99990
99990
99990
99990
99990
99990
99990
99990
99990
99990
99990
99990
99990
99990
99990
99990
99990
99990
99990
99990
99990
99990
99990
99990
99990
99990
99990
99990
99990
99990
99990
99990
99990
99990
99990
99990
99990
99990
99990
99990
99990
99990
99990
99990
99990
99990
99990
99990
99990
99990
99990
99990
99990
99990
99990
99990
99990
99990
99990
99990
99990
99990
99990
99990
99990
99990
99990
99990
99990
99990
99990
99990
99990
99990
99990
99990
99990
99990
99990
99990
99990
99990
99990
99990
99990
99990
99990
99990
99990
99990
99990
99990
99990
99990
99990
99990
99990
99990
99990
99990
99990
99990
99990
99990
99990
99990
99990
99990
99990
99990
99990
99990
99990
99990
99990
99990
99990
99990
99990
99990
99990
99990
99990
99990
99990
99990
99990
99990
99990
99990
99990
99990
99990
99990
99990
99990
99990
99990
99990
99990
99990
99990
99990
99990
99990
99990
99990
99990
99990
99990
99990
99990
99990
99990
99990
99990
99990
99990
99990
99990
99990
99990
99990
99990
99990
99990
99990
99990
99990
99990
99990
99990
99990
99990
99990
99990
99990
99990
99990
99990
99990
99990
99990
99990
99990
99990
99990
99990
99990
99990
99990
99990
99990
99990
99990
99990
99990
99990
99990
99990
99990
99990
99990
99990
99990
99990
99990
99990
99990
99990
99990
99990
99990
99990
99990
99990
99990
99990
99990
99990
99990
99990
99990
99990
99990
99990
99990
99990
99990
99990
99990
99990
99990
99990
99990
99990
99990
99990
99990
99990
99990
99990
99990
99990
99990
99990
99990
99990
99990
99990
99990
99990
99990
99990
99990
99990
99990
99990
99990
99990
99990
99990
99990
99990
99990
99990
99990
99990
99990
99990
99990
99990
99990
99990
99990
99990
99990
99990
99990
99990
99990
99990
99990
99990
99990
99990
99990
99990
99990
99990
99990
99990
99990
99990
99990
99990
99990
99990
99990
99990
99990
99990
99990
99990
99990
99990
99990
99990
99990
99990
99990
99990
99990
99990
99990
99990
99990
99990
99990
99990
99990
99990
99990
99990
99990
99990
99990
99990
99990
99990
99990
99990
99990
99990
99990
99990
99990
99990
99990
99990
99990
99990
99990
99990
99990
99990
99990
99990
99990
99990
99990
99990
99990
99990
99990
99990
99990
99990
99990
99990
99990
99990
99990
99990
99990
99990
99990
99990
99990
99990
99990
99990
99990
99990
99990
99990
99990
99990
99990
99990
99990
99990
99990
99990
99990
99990
99990
99990
99990
99990
99990
99990
99990
99990
99990
99990
99990
99990
99990
99990
99990
99990
99990
99990
99990
99990
99990
99990
99990
99990
99990
99990
99990
99990
99990
99990
99990
99990
99990
99990
99990
99990
99990
99990
99990
99990
99990
99990
99990
99990
99990
99990
99990
99990
99990
99990
99990
99990
99990
99990
99990
99990
99990
99990
99990
99990
99990
99990
99990
99990
99990
99990
99990
99990
99990
99990
99990
99990
99990
99990
99990
99990
99990
99990
99990
99990
99990
99990
99990
99990
99990
99990
99990
99990
99990
99990
99990
99990
99990
99990
99990
99990
99990
99990
99990
99990
99990
99990
99990
99990
99990
99990
99990
99990
99990
99990
99990
99990
99990
99990
99990
99990
99990
99990
99990
99990
99990
99990
99990
99990
99990
99990
99990
99990
99990
99990
99990
99990
99990
99990
99990
99990
99990
99990
99990
99990
99990
99990
99990
99990
99990
99990
99990
99990
99990
99990
99990
99990
99990
99990
99990
99990
99990
99990
99990
99990
99990
99990
99990
99990
99990
99990
99990
99990
99990
99990
99990
99990
99990
99990
99990
99990
99990
99990
99990
99990
99990
99990
99990
99990
99990
99990
99990
99990
99990
99990
99990
99990
99990
99990
99990
99990
99990
99990
99990
99990
99990
99990
99990
99990
99990
99990
99990
99990
99990
99990
99990
99990
99990
99990
99990
99990
99990
99990
99990
99990
99990
99990
99990
99990
99990
99990
99990
99990
99990
99990
99990
99990
99990
99990
99990
99990
99990
99990
99990
99990
99990
99990
99990
99990
99990
99990
99990
99990
99990
99990
99990
99990
99990
99990
99990
99990
99990
99990
99990
99990
99990
99990
99990
99990
99990
99990
99990
99990
99990
99990
99990
99990
99990
99990
99990
99990
99990
99990
99990
99990
99990
99990
99990
99990
99990
99990
99990
99990
99990
99990
99990
99990
99990
99990
99990
99990
99990
99990
99990
99990
99990
99990
99990
99990
99990
99990
99990
99990
99990
99990
99990
99990
99990
99990
99990
99990
99990
99990
99990
99990
99990
99990
99990
99990
99990
99990
99990
99990
99990
99990
99990
99990
99990
99990
99990
99990
99990
99990
99990
99990
99990
99990
99990
99990
99990
99990
99990
99990
99990
99990
99990
99990
99990
99990
99990
99990
99990
99990
99990
99990
99990
99990
99990
99990
99990
99990
99990
99990
99990
99990
99990
99990
99990
99990
99990
99990
99990
99990
99990
99990
99990
99990
99990
99990
99990
99990
99990
99990
99990
99990
99990
99990
99990
99990
99990
99990
99990
99990
99990
99990
99990
99990
99990
99990
99990
99990
99990
99990
99990
99990
99990
99990
99990
99990
99990
99990
99990
99990
99990
99990
99990
99990
99990
99990
99990
99990
99990
99990
99990
99990
99990
99990
99990
99990
99990
99990
99990
99990
99990
99990
99990
99990
99990
99990
99990
99990
99990
99990
99990
99990
99990
99990
99990
99990
99990
99990
99990
99990
99990
99990
99990
99990
99990
99990
99990
99990
99990
99990
99990
99990
99990
99990
99990
99990
99990
99990
99990
99990
99990
99990
99990
99990
99990
99990
99990
99990
99990
99990
99990
99990
99990
99990
99990
99990
99990
99990
99990
99990
99990
99990
99990
99990
99990
99990
99990
99990
99990
99990
99990
99990
99990
99990
99990
99990
99990
99990
99990
99990
99990
99990
99990
99990
99990
99990
99990
99990
99990
99990
99990
99990
99990
99990
99990
99990
99990
99990
99990
99990
99990
99990
99990
99990
99990
99990
99990
99990
99990
99990
99990
99990
99990
99990
99990
99990
99990
99990
99990
99990
99990
99990
99990
99990
99990
99990
99990
99990
99990
99990
99990
99990
99990
99990
99990
99990
99990
99990
99990
99990
99990
99990
99990
99990
99990
99990
99990
99990
99990
99990
99990
99990
99990
99990
99990
99990
99990
99990
99990
99990
99990
99990
99990
99990
99990
99990
99990
99990
99990
99990
99990
99990
99990
99990
99990
99990
99990
99990
99990
99990
99990
99990
99990
99990
99990
99990
99990
99990
99990
99990
99990
99990
99990
99990
99990
99990
99990
99990
99990
99990
99990
99990
99990
99990
99990
99990
99990
99990
99990
99990
99990
99990
99990
99990
99990
99990
99990
99990
99990
99990
99990
99990
99990
99990
99990
99990
99990
99990
99990
99990
99990
99990
99990
99990
99990
99990
99990
99990
99990
99990
99990
99990
99990
99990
99990
99990
99990
99990
99990
99990
99990
99990
99990
99990
99990
99990
99990
99990
99990
99990
99990
99990
99990
99990
99990
99990
99990
99990
99990
99990
99990
99990
99990
99990
99990
99990
99990
99990
99990
99990
99990
99990
99990
99990
99990
99990
99990
99990
99990
99990
99990
99990
99990
99990
99990
99990
99990
99990
99990
99990
99990
99990
99990
99990
99990
99990
99990
99990
99990
99990
99990
99990
99990
99990
99990
99990
99990
99990
99990
99990
99990
99990
99990
99990
99990
99990
99990
99990
99990
99990
99990
99990
99990
99990
99990
99990
99990
99990
99990
99990
99990
99990
99990
99990
99990
99990
99990
99990
99990
99990
99990
99990
99990
99990
99990
99990
99990
99990
99990
99990
99990
99990
99990
99990
99990
99990
99990
99990
99990
99990
99990
99990
99990
99990
99990
99990
99990
99990
99990
99990
99990
99990
99990
99990
99990
99990
99990
99990
99990
99990
99990
99990
99990
99990
99990
99990
99990
99990
99990
99990
99990
99990
99990
99990
99990
99990
99990
99990
99990
99990
99990
99990
99990
99990
99990
99990
99990
99990
99990
99990
99990
99990
99990
99990
99990
99990
99990
99990
99990
99990
99990
99990
99990
99990
99990
99990
99990
99990
99990
99990
99990
99990
99990
99990
99990
99990
99990
99990
99990
99990
99990
99990
99990
99990
99990
99990
99990
99990
99990
99990
99990
99990
99990
99990
99990
99990
99990
99990
99990
99990
99990
99990
99990
99990
99990
99990
99990
99990
99990
99990
99990
99990
99990
99990
99990
99990
99990
99990
99990
99990
99990
99990
99990
99990
99990
99990
99990
99990
99990
99990
99990
99990
99990
99990
99990
99990
99990
99990
99990
99990
99990
99990
99990
99990
99990
99990
99990
99990
99990
99990
99990
99990
99990
99990
99990
99990
99990
99990
99990
99990
99990
99990
99990
99990
99990
99990
99990
99990
99990
99990
99990
99990
99990
99990
99990
99990
99990
99990
99990
99990
99990
99990
99990
99990
99990
99990
99990
99990
99990
99990
99990
99990
99990
99990
99990
99990
99990
99990
99990
99990
99990
99990
99990
99990
99990
99990
99990
99990
99990
99990
99990
99990
99990
99990
99990
99990
99990
99990
99990
99990
99990
99990
99990
99990
99990
99990
99990
99990
99990
99990
99990
99990
99990
99990
99990
99990
99990
99990
99990
99990
99990
99990
99990
99990
99990
99990
99990
99990
99990
99990
99990
99990
99990
99990
99990
99990
99990
99990
99990
99990
99990
99990
99990
99990
99990
99990
99990
99990
99990
99990
99990
99990
99990
99990
99990
99990
99990
99990
99990
99990
99990
99990
99990
99990
99990
99990
99990
99990
99990
99990
99990
99990
99990
99990
99990
99990
99990
99990
99990
99990
99990
99990
99990
99990
99990
99990
99990
99990
99990
99990
99990
99990
99990
99990
99990
99990
99990
99990
99990
99990
99990
99990
99990
99990
99990
99990
99990
99990
99990
99990
99990
99990
99990
99990
99990
99990
99990
99990
99990
99990
99990
99990
99990
99990
99990
99990
99990
99990
99990
99990
99990
99990
99990
99990
99990
99990
99990
99990
99990
99990
99990
99990
99990
99990
99990
99990
99990
99990
99990
99990
99990
99990
99990
99990
99990
99990
99990
99990
99990
99990
99990
99990
99990
99990
99990
99990
99990
99990
99990
99990
99990
99990
99990
99990
99990
99990
99990
99990
99990
99990
99990
99990
99990
99990
99990
99990
99990
99990
99990
99990
99990
99990
99990
99990
99990
99990
99990
99990
99990
99990
99990
99990
99990
99990
99990
99990
99990
99990
99990
99990
99990
99990
99990
99990
99990
99990
99990
99990
99990
99990
99990
99990
99990
99990
99990
99990
99990
99990
99990
99990
99990
99990
99990
99990
99990
99990
99990
99990
99990
99990
99990
99990
99990
99990
99990
99990
99990
99990
99990
99990
99990
99990
99990
99990
99990
99990
99990
99990
99990
99990
99990
99990
99990
99990
99990
99990
99990
99990
99990
99990
99990
99990
99990
99990
99990
99990
99990
99990
99990
99990
99990
99990
99990
99990
99990
99990
99990
99990
99990
99990
99990
99990
99990
99990
99990
99990
99990
99990
99990
99990
99990
99990
99990
99990
99990
99990
99990
99990
99990
99990
99990
99990
99990
99990
99990
99990
99990
99990
99990
99990
99990
99990
99990
99990
99990
99990
99990
99990
99990
99990
99990
99990
99990
99990
99990
99990
99990
99990
99990
99990
99990
99990
99990
99990
99990
99990
99990
99990
99990
99990
99990
99990
99990
99990
99990
99990
99990
99990
99990
99990
99990
99990
99990
99990
99990
99990
99990
99990
99990
99990
99990
99990
99990
99990
99990
99990
99990
99990
99990
99990
99990
99990
99990
99990
99990
99990
99990
99990
99990
99990
99990
99990
99990
99990
99990
99990
99990
99990
99990
99990
99990
99990
99990
99990
99990
99990
99990
99990
99990
99990
99990
99990
99990
99990
99990
99990
99990
99990
99990
99990
99990
99990
99990
99990
99990
99990
99990
99990
99990
99990
99990
99990
99990
99990
99990
99990
99990
99990
99990
99990
99990
99990
99990
99990
99990
99990
99990
99990
99990
99990
99990
99990
99990
99990
99990
99990
99990
99990
99990
99990
99990
99990
99990
99990
99990
99990
99990
99990
99990
99990
99990
99990
99990
99990
99990
99990
99990
99990
99990
99990
99990
99990
99990
99990
99990
99990
99990
99990
99990
99990
99990
99990
99990
99990
99990
99990
99990
99990
99990
99990
99990
99990
99990
99990
99990
99990
99990
99990
99990
99990
99990
99990
99990
99990
99990
99990
99990
99990
99990
99990
99990
99990
99990
99990
99990
99990
99990
99990
99990
99990
99990
99990
99990
99990
99990
99990
99990
99990
99990
99990
99990
99990
99990
99990
99990
99990
99990
99990
99990
99990
99990
99990
99990
99990
99990
99990
99990
99990
99990
99990
99990
99990
99990
99990
99990
99990
99990
99990
99990
99990
99990
99990
99990
99990
99990
99990
99990
99990
99990
99990
99990
99990
99990
99990
99990
99990
99990
99990
99990
99990
99990
99990
99990
99990
99990
99990
99990
99990
99990
99990
99990
99990
99990
99990
99990
99990
99990
99990
99990
99990
99990
99990
99990
99990
99990
99990
99990
99990
99990
99990
99990
99990
99990
99990
99990
99990
99990
99990
99990
99990
99990
99990
99990
99990
99990
99990
99990
99990
99990
99990
99990
99990
99990
99990
99990
99990
99990
99990
99990
99990
99990
99990
99990
99990
99990
99990
99990
99990
99990
99990
99990
99990
99990
99990
99990
99990
99990
99990
99990
99990
99990
99990
99990
99990
99990
99990
99990
99990
99990
99990
99990
99990
99990
99990
99990
99990
99990
99990
99990
99990
99990
99990
99990
99990
99990
99990
99990
99990
99990
99990
99990
99990
99990
99990
99990
99990
99990
99990
99990
99990
99990
99990
99990
99990
99990
99990
99990
99990
99990
99990
99990
99990
99990
99990
99990
99990
99990
99990
99990
99990
99990
99990
99990
99990
99990
99990
99990
99990
99990
99990
99990
99990
99990
99990
99990
99990
99990
99990
99990
99990
99990
99990
99990
99990
99990
99990
99990
99990
99990
99990
99990
99990
99990
99990
99990
99990
99990
99990
99990
99990
99990
99990
99990
99990
99990
99990
99990
99990
99990
99990
99990
99990
99990
99990
99990
99990
99990
99990
99990
99990
99990
99990
99990
99990
99990
99990
99990
99990
99990
99990
99990
99990
99912
99990
99596
99973
99990
99973
99763
99925
99973
99945
99580
96796
99939
99973
99925
99973
99973
99925
99973
99848
74385
99939
99858
99990
99848
99973
99925
99912
99925
99848
99939
99000
97606
99804
99973
99939
99925
99973
99763
99848
99990
99963
99763
99939
99963
99973
99596
99858
99973
99406
99827
99103
91042
99925
99848
99973
99973
99973
99939
99939
99990
99939
99973
99973
99596
99596
99963
99864
98647
99963
99763
99973
99905
99963
99925
56417
99939
99862
99721
99990
99161
99990
99973
99233
99643
99580
99990
99990
99990
99973
99783
99973
99763
99702
99990
99939
99763
99939
99963
99925
99963
99804
99435
99316
99973
95532
99925
99763
99925
99596
99939
99763
99990
99973
99925
99963
99973
96812
99040
95580
99990
99783
99925
99858
99939
99412
99973
99939
99945
99990
99804
99435
99973
99169
99973
99939
99721
99939
99973
99799
99973
99973
99862
99925
99973
99963
99271
99783
91287
99990
99990
99963
99574
99925
99971
99990
99939
99200
99990
99973
99971
99990
99757
99939
99990
99925
99804
99925
99973
99990
97842
99795
99990
99848
99973
99990
99990
99973
98618
99973
99857
99841
99945
96114
99963
99925
99973
98848
99528
99848
99701
99945
99357
99857
99973
99925
99783
99939
99973
99939
99925
99963
99939
99990
99973
99848
99973
99973
99990
99848
99963
99990
99848
99963
99990
99939
99990
99933
99971
99939
99973
99199
99973
99939
99933
99963
99990
99580
99939
99990
99939
99912
99939
99990
98647
99925
99333
94344
99971
99971
99990
99925
99990
99939
99939
99939
99580
99990
99848
99963
99990
99990
99925
99990
99783
99939
99990
99963
99939
99963
99939
99990
99763
99990
99990
99170
99925
99939
99804
99939
99973
99973
99939
99990
99925
92955
99912
99973
99925
99658
96209
99939
97144
99528
99407
99973
99663
99925
99763
99973
99799
99990
99925
99939
99848
99973
99858
99990
99177
99939
99973
99330
99973
99990
99925
99990
99925
83768
99905
99963
99783
99702
99971
99973
99971
99925
99925
99848
99939
99596
99973
99963
99973
99963
99233
75224
99925
99783
99990
99973
99973
99477
99925
99702
99133
98746
99848
99973
99963
99596
99925
99763
96960
99862
99831
99783
99763
98149
99990
99973
99925
99971
98292
99233
99963
99990
99857
99963
99990
99939
99763
99443
98412
99945
99925
99990
99990
99763
99783
99925
99925
99848
99990
99406
99925
99973
99697
99971
99933
99831
99963
99925
99973
99963
99939
99990
99973
99233
99912
99973
99990
99783
99783
99103
99012
99412
99364
99973
98582
99963
99925
99132
99990
99939
99330
99939
99973
99963
99939
99973
99443
99973
99939
99925
99963
99963
99963
99925
99905
99973
99939
99945
99990
97704
99905
99905
99973
99939
99990
97348
99848
99973
99574
99827
99832
99973
99643
99763
99990
99804
99973
99973
99939
99973
99990
99973
96118
99990
99939
99990
99912
99210
98104
99912
99939
99973
99963
99939
99848
99639
99443
99973
99858
99103
99577
99925
99643
99783
99971
99990
99848
99832
99971
99639
99848
99973
99580
99939
99407
99939
99990
99990
99990
99925
99973
99963
99925
99971
99990
99973
99990
99963
99763
99973
99848
99963
94784
99763
99050
99990
99647
99963
99939
99990
99990
99939
99902
99783
99973
99939
99990
99528
99971
99939
99990
99925
99963
99812
99866
99582
99210
99963
97659
99990
99990
99939
99973
99925
99763
99443
99973
99140
99990
99990
99990
99912
98911
99210
99848
99407
99693
99926
98647
99990
99973
99823
99764
99795
99990
99939
95856
98615
89950
99783
99973
99939
99862
99973
99973
99973
99990
99990
99963
99973
99783
99973
99858
99848
99973
99040
99804
99963
99763
99925
99939
99858
99990
99939
99804
99973
99973
99764
99939
99795
96602
96194
99925
98911
99939
99841
99925
99103
99939
99973
99990
99848
99574
99971
99990
99973
99939
99407
99990
99973
99925
99643
99574
99973
99905
99944
99763
99000
99763
99990
99812
99905
99963
99574
99939
99939
0
99963
99990
99973
99702
99990
99939
99971
99990
99973
99990
87035
99939
99682
99663
99939
99973
99973
99990
99973
99990
99973
99528
99963
99990
99827
99925
99973
99990
98848
99939
99973
99848
99783
99939
99721
99783
99973
86002
99912
99963
99990
99990
99990
99990
99973
99929
99710
99990
99973
99973
99763
99973
99925
99963
99939
99925
99330
99990
99643
99925
98018
99925
99939
99990
99973
99963
99848
99990
99804
98286
99561
99973
99939
97190
99336
99973
94381
99835
98286
99973
99990
99939
99939
99925
99973
99763
99973
98848
99963
99939
99990
99925
99000
99971
99639
99925
99939
99990
99939
99939
99990
99973
99963
99973
99990
99990
99963
99973
99990
99799
99925
99925
99990
99925
99925
99973
99925
99939
99973
99971
99925
99827
99939
99939
98818
99990
99528
99939
99963
99939
99140
99990
99939
99990
99925
99990
98909
99971
99702
99973
99574
99783
99973
99990
99973
99973
96624
99857
99939
99963
99990
99990
99973
99973
99973
99827
99973
99925
99848
99990
99697
99939
99973
99963
99933
99990
99990
99990
99233
99973
99939
99574
99580
99841
99990
99140
99963
99912
99990
99973
99990
99862
99190
99939
99939
99848
99973
99364
99939
99528
99963
99939
99971
99990
99841
99939
99990
99925
99905
99973
99973
99783
99939
99973
99925
99200
99804
99939
99990
99848
99990
99973
99925
99990
99973
99827
99973
99973
99827
99963
99710
99925
99783
99990
99702
99939
99905
99925
99990
99925
99990
99973
99939
99848
99693
99990
99990
99573
99818
99000
99963
99925
99858
99925
99200
89970
99939
99939
99990
99939
99990
98472
99990
99945
99783
98790
99990
99925
99939
99763
99990
99140
99925
99973
99973
99973
99990
99574
99199
99990
99925
99939
99990
99939
99973
99973
99925
99925
99473
99945
99528
99963
99990
99406
99973
99990
99973
99973
99971
99944
99939
99925
93162
99963
99990
99912
99763
99140
99990
99973
99939
99971
99804
99848
99848
99990
99848
99973
99905
99721
99939
99783
98848
99990
99783
99848
99939
99939
99939
99973
99939
99973
96624
99835
99925
99990
99939
99990
99990
99990
99848
99939
99973
99963
99140
98818
83196
89257
99990
99990
99971
99763
99925
99763
99925
99596
88198
99939
99944
99783
99925
99973
99783
99831
99990
99963
99973
99973
99990
99990
99990
99783
99925
99990
99971
99848
99944
99973
99990
99925
99945
99973
99990
99973
99990
99233
99925
99912
99939
99973
99832
99973
99799
99939
99973
99990
99973
99963
99912
99939
99848
99990
99925
99973
99945
99799
99643
99912
99925
99973
99795
99862
99925
99973
99963
99990
99939
99858
99973
99764
99990
99990
98286
99939
99574
99783
99990
99939
99973
99210
99990
99939
99925
99580
99702
99963
99990
99939
99912
99580
99905
99973
99963
99990
99939
99939
99990
98805
99973
99939
99835
99697
99925
98726
99783
99963
99721
99848
99925
99925
99973
99925
99939
99973
98790
99939
99925
99821
99963
99804
98558
99990
99990
99821
99939
99990
99702
99925
99925
83618
99596
99848
99848
99971
99944
99990
99912
99973
99973
99925
99905
99925
99963
99990
99945
99973
99939
99763
97522
98582
99973
99990
99963
99848
99990
99857
99939
99582
99925
99944
99990
99164
99990
99990
99990
99925
99990
99973
99783
99528
99990
99848
99973
99858
99990
98660
99973
99939
99912
99973
99973
99848
99971
99827
99973
99596
99973
99933
99783
99596
99990
99963
99963
96123
99939
99827
99925
99990
99858
99973
99676
99848
99783
99939
98848
99406
99925
99990
99763
99973
99912
98558
99990
99944
44873
99939
99912
99233
99963
99580
99990
99973
99973
99701
99925
99848
99596
99783
99939
99233
99990
99812
99364
99990
99925
99132
99746
99990
99990
99905
99528
99973
99939
99973
99990
99990
99990
99939
99990
99783
99925
98046
99971
99905
99973
99639
99973
99925
99973
99702
99848
99925
99963
95212
99308
99912
99925
89340
99835
99764
99939
99848
99763
99973
99580
99857
99990
99925
98900
99939
99990
99973
99835
99990
99945
99990
99973
99990
99990
99804
99925
99971
99990
99990
99990
99783
99414
99990
99721
99763
99925
99925
99804
99835
99973
99973
99848
99925
99990
99990
99933
99973
99939
99973
99925
99939
99973
99939
99990
99783
99528
99783
98157
99925
99990
99939
99939
98099
99990
97964
98272
99783
99973
99702
99990
99939
99990
99905
99190
97104
99939
99973
99925
99973
99925
99783
99973
99841
99233
99866
99963
99912
99857
99973
99933
99963
99990
99764
99973
99804
99848
99639
99596
99925
99963
99580
99990
99990
99973
99746
99990
99973
99973
99763
99990
99939
99990
99973
99963
99511
99925
98804
99973
86487
99963
99804
99939
99990
99848
99857
99763
99835
99804
99973
99177
99990
99939
99939
99905
99990
99939
99783
99990
99990
86151
99990
99973
99963
99639
99990
99795
99973
99528
99663
95647
99990
99857
99990
99864
99902
99990
99973
99407
99963
99973
99963
99862
99925
99905
99764
99143
99702
99939
99990
99973
99902
99017
99925
99848
99925
99973
97861
99925
99528
94743
99939
99973
99963
99990
99973
99925
99925
99939
99804
99763
99990
99000
99973
99963
99939
99973
99580
99990
99406
99857
99804
99939
99939
99990
99973
99925
99783
99783
99963
99364
99973
99702
99990
99990
99990
99762
99973
99973
99971
99939
99848
99939
99596
99990
99804
99990
99271
99973
99971
99944
99973
95257
99990
99857
99939
99973
99574
99832
99580
99963
99939
99973
99764
99990
99783
99848
99963
99925
99561
99210
99990
99939
99973
99963
99990
99925
99939
99939
99990
99963
99925
99973
99939
99925
99973
99682
99925
99406
99990
99990
99973
99990
99990
99944
99973
99990
99939
99973
99783
99990
99973
93779
99973
99925
99990
99939
99990
99973
99973
99763
99939
99925
99973
98165
99407
99990
99925
99973
99050
99939
99990
99164
99939
99858
99835
91949
99210
99990
99990
98099
99561
95212
99939
99804
99973
99925
99939
99905
98945
99973
99990
99710
99783
99939
99973
99973
99939
99795
99783
99973
99912
99271
99990
99973
99939
99858
99848
99990
99561
99973
99990
99990
99939
99912
99990
99210
99140
92164
99925
99783
99658
99990
99857
99990
99971
99582
99528
96152
99412
97928
98790
99925
99973
99663
99973
99963
99939
99925
99580
99939
99990
99939
99406
99963
99939
99973
99804
99783
99925
99939
99939
99925
99939
99971
96228
99783
99973
99939
99905
99905
99336
99336
99990
99925
99939
98368
99973
99973
99939
99971
99990
99939
99827
99990
98548
99939
99412
99939
99925
99973
99971
99990
99821
99939
99799
99963
99763
99848
99702
99963
33120
99596
99702
99848
99925
99939
99925
99925
99905
99990
99973
99990
99973
99963
99925
96960
99939
98401
99939
99990
99473
98858
99990
99963
99990
99925
99132
99763
99858
99939
99963
99528
99832
99857
99763
99271
97319
99973
99905
99973
99973
99596
99973
99663
99925
99973
99973
99764
99973
99925
99925
99990
99804
99973
99905
99143
99990
99702
99973
99990
82330
99990
99939
99406
99973
99596
99990
99973
99973
99990
99939
99574
99933
99990
99925
99963
99990
99945
97584
99963
99939
99973
99990
99990
99963
99596
98909
99973
97380
99835
99620
99412
99939
99925
99939
99841
99939
99050
99528
99925
99990
99973
99939
98842
99702
99973
99763
99102
99973
99222
99990
99912
99939
99990
99233
99222
99905
99973
99990
99925
99764
99639
99973
99990
99973
99939
99848
99574
99663
99990
99443
99939
99990
99177
99973
99973
99639
99973
99939
99925
99939
99971
99990
99574
99925
99963
99925
99799
98395
99990
99912
99973
99763
99990
99990
99963
99939
99233
99939
99925
99912
99925
99939
99990
99763
99939
99912
99823
99973
99990
99963
99925
99973
99783
99945
99973
99639
99528
97557
99596
99971
99596
99973
99944
99357
99939
99848
99963
99939
99835
99971
99939
99973
99140
99973
99783
99990
99827
99963
99973
99939
99596
99939
99990
99963
99862
99017
99925
97510
99925
96370
99848
99783
99990
99973
99939
99939
99973
98848
96513
99973
98286
99939
99939
99336
99973
99763
99643
99963
99233
99574
99973
99912
99848
99925
99963
99990
99848
99939
99973
99406
99925
99990
99963
99990
99990
99939
99939
99925
98412
99443
99990
99925
99990
99939
99963
99866
99710
99841
99945
99973
99925
99939
99973
99990
99841
99925
99582
99763
99103
99925
99973
99990
99939
99804
99912
99763
99248
99939
99990
99963
99939
99832
99912
99596
99973
99990
99939
99848
99939
99990
99990
99990
99990
99858
99990
99929
99857
99804
99857
99990
99596
99939
99925
99973
99990
99827
99990
99990
99763
99233
94040
99832
99990
99271
99973
99848
99763
99973
99939
99973
99973
99973
99973
99912
99990
99963
99140
99783
99939
99925
99973
99990
99827
98971
98258
99973
99945
99990
99939
98859
99848
99939
99973
99990
99990
99973
99939
99973
99939
99596
99857
99939
99973
