27285
27285
0
25666
29991
30191
29991
30191
1481
29991
30191
27285
30191
17326
29991
27285
20595
28517
30191
27285
29991
28517
21071
28007
29991
30191
20595
5993
28007
14604
31226
28517
30713
30191
5993
8497
0
29991
28708
29991
18752
27285
28517
30191
30191
27285
29991
30191
0
27914
28517
14604
27285
29991
21071
30191
28517
30352
27285
28517
11115
31226
25666
18827
30191
29991
29991
2527
13194
11898
30191
0
31226
19485
27285
18827
30191
30352
5993
18752
25666
13178
27285
15008
0
30191
27285
27285
27285
29991
30191
30191
28517
30191
0
27285
14486
5861
16573
25666
