19845
27435
21495
21495
19845
24193
23264
21348
21064
21738
24193
27435
7658
27435
21589
0
16979
28141
26683
22461
30701
28141
19846
21087
24193
23057
25877
16482
29847
26622
21589
23320
19845
29861
20057
21738
26058
16979
25759
21348
15975
20441
22755
24844
0
28259
26683
104
25088
19122
23143
24193
30853
29847
19845
26622
25877
25877
19845
15232
22415
13623
21589
27435
25759
21168
0
26683
28237
18290
22311
25877
4291
26683
26107
24193
28141
21168
30853
21168
28141
22415
30701
29861
21495
25877
24193
8683
4291
18078
23143
18882
21589
28141
27435
26683
30701
21495
24193
21348
