28930
28484
21296
30790
23217
31240
25032
20813
30641
28880
20117
25611
30405
26710
14303
28988
28484
21797
21188
28825
31578
30790
28874
28874
26710
23977
15821
14303
31451
29417
23555
23217
31451
29040
26373
29868
25912
21797
11732
22157
28930
13774
19974
24843
25805
24171
0
19849
23217
26072
28874
31451
26373
0
3181
30790
31578
31611
30790
31451
28484
28283
29054
8026
19974
28484
31073
30943
29417
31240
21296
28551
29294
28484
25611
31240
26589
13774
31578
18423
17662
31240
28361
13774
25912
32279
28484
31611
18589
31081
23802
19910
31578
28636
32279
31578
29417
31451
23217
25327
28874
29040
23217
28484
31240
28766
24929
31578
23217
31240
14303
18194
28766
26373
25912
26373
24524
19055
28988
28880
31578
31073
17662
13774
25656
28874
31578
14303
28361
21797
27015
28180
12204
29063
26019
25912
28180
23802
26072
28880
25912
27731
5735
31240
19744
28880
28180
23409
1800
31240
24843
26072
23040
27533
5893
15967
26710
14244
10809
28874
31578
23802
22411
31451
14775
31451
24929
26072
20117
31116
27500
26174
30790
28874
18589
31240
22377
21044
19323
31240
23217
25594
25912
5618
26072
26710
21832
31611
15237
26710
28880
23217
19282
25656
26373
28880
24357
25912
26072
31451
25611
23802
13345
28874
23217
26710
28880
30801
24444
28988
27015
11601
17469
21797
24565
31578
23040
25912
26373
31578
28874
31240
28874
25805
26373
28880
20482
31578
24171
31240
14303
25611
14775
25611
18016
23217
17447
8379
28510
28766
24357
19744
31578
23217
23040
16640
26126
25611
19382
26373
24762
23272
31578
11532
24382
28874
28988
29417
31578
20482
28510
27018
25611
21188
26373
14303
29040
28484
31451
27780
31240
26373
28361
31578
11732
23686
31240
31611
25821
19806
31611
27533
28484
28930
30790
18337
17288
19279
23217
28376
28180
28180
21585
25805
24524
24929
19279
25912
31240
31451
