27605
28725
30075
27620
22123
31191
26852
31885
28621
30376
25431
17149
28621
25576
30460
29204
26071
30019
31648
30269
26583
30376
31809
0
31885
29595
29204
19870
29112
25431
30504
29204
28696
30269
27840
29201
30956
17810
16168
28116
28696
26071
24718
23362
28696
30299
29204
27602
29204
29204
30504
29326
26852
28915
29204
29719
29362
30956
26304
27997
19966
30269
28116
7403
30269
29362
28696
25216
29204
25786
30504
28696
28696
32253
29112
25786
30070
29595
30956
29719
28915
26731
28725
31885
30269
28696
29432
28725
29719
30839
28915
28709
29362
29719
29204
30611
29365
28696
23659
25431
29054
24216
29201
31687
30269
27366
31352
0
29204
15357
31191
29877
30075
25431
29112
30269
30504
28116
29432
29719
29204
28621
31109
28127
28915
27147
29204
31035
29204
25786
29112
30105
29204
26258
27366
30269
30611
28621
29204
26992
30269
29204
28709
30956
30269
31526
29201
21987
28725
30269
7678
29204
26994
16525
30504
30956
27840
29489
28725
27840
26583
25431
15994
27602
27620
28696
30269
28696
28050
30079
30376
27602
31191
30552
26583
27360
21987
29112
28798
16879
30350
29204
30880
30956
28394
30504
28621
28621
31809
25601
28696
15462
29204
31648
24923
29204
30269
26852
21987
27483
29204
28915
31556
29112
30269
0
29204
28696
28696
26731
29112
29112
28116
29719
8904
26071
31307
27602
28696
5693
31648
30013
30269
30299
29719
23832
28802
30376
21987
30299
29201
28116
30376
28621
