31231
32134
31131
30852
30513
30818
30556
31121
30110
27864
30992
31157
31794
23037
30852
31031
29673
31809
32032
30051
31194
31809
32055
32532
31052
32403
32483
31815
32055
30513
30812
31201
31879
30852
30190
27864
31031
32020
32297
30750
30852
32372
31809
24428
31288
28431
31967
30673
31504
30805
31593
30659
30041
29530
27786
30998
26589
30203
32439
28802
31697
30852
31250
32411
30513
32055
25041
25589
31243
29591
31157
32055
32134
27072
30852
31157
30919
29230
31837
29534
30992
30787
30505
31288
30852
30850
31906
30852
31549
31809
31667
31950
32055
30792
31837
27370
31615
31052
30852
31667
31121
29200
30550
32146
31697
27604
31121
30636
30752
30513
31736
31962
30750
32095
30852
30568
31157
30852
28083
31010
32134
31194
30850
28733
31938
30852
30852
23771
32172
30545
24528
32029
31052
31288
31131
31391
25931
30852
31809
31809
31615
28862
26109
31157
31809
31555
31967
31815
28888
28702
21538
30505
31690
31697
31267
30671
32221
32062
29943
31880
31150
31194
31288
31962
31057
28500
0
32439
32250
30536
30717
32029
28083
30852
31655
30568
31809
32066
31809
31974
30852
31809
31809
30513
30752
31667
31194
31669
30818
30852
31200
30041
31157
31809
30864
31343
31809
21576
32095
32134
30227
32094
32094
31697
26791
32403
32134
29142
31674
31055
30852
31010
30843
30852
31667
30852
28993
30513
29120
30852
31052
31121
31639
29534
31194
31194
32055
31157
26942
31960
30852
31803
30163
29599
30115
9916
31194
30329
30852
30513
31157
26131
30673
31157
30939
32279
31194
30852
27860
31343
26791
30852
31121
32400
32383
31157
27493
31308
28733
30513
28882
31880
31809
31809
32098
31837
30329
30513
30411
30513
28293
31837
30455
32029
31697
31121
31010
30676
30792
32055
30544
25065
29975
31962
31157
30852
30581
31906
25422
31697
30513
30495
30296
30082
30852
31697
31809
30852
30541
25373
32106
30513
31288
30818
28225
30752
31697
30818
32134
30102
23246
30051
32028
26535
30581
26078
31987
30329
27189
25481
32174
30852
30852
30163
31920
30513
32306
32439
32029
31735
21890
31809
32094
30800
31131
29906
29997
15536
32364
31690
30329
31374
31288
31121
31010
31336
32635
31121
31674
27258
30818
26584
31390
31662
28026
31157
29923
30673
30852
31809
31809
32082
30356
30852
27604
30852
30852
31052
31809
31615
31809
17245
25035
28709
32439
31052
30902
31157
22062
32023
27864
31697
31157
29466
32171
31157
31161
32093
31157
26738
30792
31157
31884
28794
31809
31288
30818
31639
32177
31288
31157
31126
30366
29353
31736
30568
32644
30513
28435
30754
27439
32315
28690
28225
31655
32174
32439
30792
30356
23437
27072
30852
32142
30852
31057
31662
31837
30495
31052
31194
31809
30752
32055
31809
29906
31809
32026
31052
32094
31194
31157
32250
27547
28824
26819
30398
31809
32015
32416
26855
31815
30852
30852
31004
30852
31809
28500
31809
30792
30852
31416
27998
31300
31052
28329
29230
31010
31967
30702
30016
31374
31537
31863
30852
32439
23450
31157
31809
31701
23823
31157
30752
32055
31001
32142
30792
27843
32328
22431
25931
30852
28500
32055
30752
29983
30852
32055
31157
31513
32187
31066
32011
30852
29141
29073
27604
30852
31255
31322
30902
31157
30568
30852
29396
30796
27207
30513
32067
30361
29032
31696
32092
30329
30852
30852
31390
31828
30660
32295
30164
22916
31809
28283
32055
31302
31052
12378
31967
31131
31697
31809
30329
31010
29906
31150
30513
29784
29073
31243
31121
30329
30513
30513
29099
29590
31121
28914
32439
31152
30852
28762
31288
32139
23029
32334
31809
31157
30329
31343
32373
31828
31809
30102
31837
30152
30513
29219
32561
30800
30752
30904
30513
31010
30233
30920
30110
27604
30513
31697
31194
29950
31010
32020
31157
30329
30852
31038
31667
28733
31942
32098
31051
27512
31920
31855
31157
31815
31801
27096
31181
30852
31052
31157
31157
31576
32187
29167
32273
31504
32106
27041
32295
28271
31555
27604
29174
31157
31194
32037
30852
30686
30673
31201
24240
31794
31452
30875
30818
19991
30787
31106
31809
31809
31010
32337
31004
28225
24313
31837
31809
32297
30852
31669
30738
28571
31121
31236
29613
30792
31052
31972
31336
31194
31610
31572
30852
29073
31691
30852
31880
28140
26942
32142
31572
31967
30727
30550
31320
31809
31052
30513
31608
31194
30852
30513
30852
31390
32321
30852
31497
31959
29673
30513
31592
31674
30513
31427
31942
32120
31555
30852
31832
31809
30852
31669
27174
31995
30852
31809
31880
31052
30852
27096
30800
31920
31157
32403
31809
30752
30513
30110
30852
31219
26184
31052
30775
30919
32174
30149
31525
29469
31690
32094
32028
31809
30852
31004
32529
31537
31108
30568
30852
31113
31288
30752
30852
30852
32055
30083
32139
32066
31497
31279
30852
31667
31157
30773
30800
31740
31809
32134
30852
31837
29906
31201
31157
30752
26791
31504
27072
30702
31504
31052
31744
31809
31086
31390
31479
32142
30190
31809
31394
30752
28733
28802
30908
30391
32185
31662
31808
31809
31662
31809
31815
31344
31809
31121
31126
31052
28271
29906
31194
30102
31697
30490
29673
24337
30513
31774
31837
30940
27890
32120
32106
31655
27096
31052
31150
31555
30800
30391
27697
31751
30940
32078
30852
30805
31157
31374
31809
31809
32120
32356
29852
32275
31948
30164
30513
31426
9628
31121
32099
26543
30852
32446
30016
26535
31809
28937
30818
31288
30550
28500
31545
30902
32011
32184
30495
31837
31504
30852
27052
31279
30852
30630
31157
29534
31809
31157
31157
27411
31726
31157
30852
31608
31697
31809
32106
32015
30513
31555
24608
31121
32051
26738
31288
31669
27678
30902
32134
30650
31343
30852
25854
32026
26845
32113
31697
30852
30041
30867
30329
30852
31809
31157
31809
4843
29906
31809
31994
29505
31288
31666
32094
30752
29073
31764
31207
32011
31194
30852
31201
30366
30852
31735
31157
29478
31778
31960
28589
31121
31121
28762
30852
32094
27862
31655
29073
31809
30495
31837
31130
31993
28882
31862
31150
31288
30752
31288
30568
31343
31336
29673
31793
31010
32187
26791
30541
32023
31809
31121
30852
31537
31809
31809
31390
31837
26912
32134
31157
31055
27864
20287
32106
31837
26452
30852
31809
27375
27731
28733
30852
31697
29223
29125
31837
30513
31121
31950
31809
27989
31288
32067
30545
31704
32055
32078
27998
30198
28733
30852
30852
30852
30852
29393
31809
32148
30792
31809
30852
31855
31809
30852
31157
26222
31052
30420
28500
31837
31057
32029
30852
31157
22854
31809
26999
31545
30376
30800
31157
31157
31942
31194
30727
31837
30852
31066
32334
28679
30366
27731
26791
31662
31157
31243
30513
32106
32149
31362
31942
31986
31853
30852
30874
30298
31809
31809
28577
32368
31555
26452
31504
30752
31052
31662
31194
31938
32015
31157
31809
28387
31555
31809
31993
31038
32054
31052
31121
31387
31931
25051
30750
31236
31809
31863
31809
31343
31282
29174
31837
31157
31853
31427
30989
30660
30852
31233
31485
32334
30673
30852
23723
31615
32439
30946
29073
30544
30852
31020
28486
31809
28083
22746
30852
30852
31809
30792
31949
32134
31052
30050
24404
31809
30902
30632
31288
30852
31157
31809
29483
31809
28733
31191
31697
31121
30818
31157
29543
31010
32097
26764
30513
30513
30818
32174
31052
31010
27563
31809
31809
31722
31250
31809
26845
30495
31213
32403
30329
31950
30114
30901
28750
31130
30041
24819
31809
27666
32120
31207
32103
28801
30752
27041
31809
26221
26010
27832
31699
30041
30102
30852
28802
31121
30041
30051
31809
29742
31555
30818
31594
30752
29230
31343
32094
30673
32483
30372
30792
31697
31837
30852
31288
31052
32066
31052
32113
30513
31809
31809
30852
30852
30852
32029
31106
26832
30541
23430
30852
32134
32172
31697
31121
0
31809
30828
26942
31615
31809
32106
30513
32037
31809
31880
31639
31837
30699
31157
31950
31336
31545
32603
30828
30817
31236
31272
31809
32213
31157
31690
31809
31052
30163
30420
31236
27160
30164
31779
30792
30750
30852
31223
31809
30329
23723
32055
30645
30110
30920
30752
31231
24855
31837
31809
30920
30513
32134
31031
30792
31485
25740
30010
31809
32334
31052
31662
28887
30329
31669
32656
31967
30852
29114
27259
31131
30911
31157
19700
32439
30852
30856
31783
30406
29928
31772
25600
27938
31809
29200
24595
32134
30673
30391
31504
30513
29141
29973
32029
29800
31201
30420
26593
32174
28925
25192
28571
30750
30673
29099
30568
28667
30750
31691
30852
31194
31157
31837
29517
28171
31344
31288
32251
31392
22732
30513
31288
31279
26109
31667
26584
32102
28667
32334
31662
31486
32055
31390
31809
30541
31697
30081
31507
30513
30016
27706
24515
32134
29906
30852
30688
25223
32055
30513
31186
31027
30548
31902
31307
31950
31157
24142
30800
30852
31478
32088
31697
30391
31809
30041
31052
30207
24464
31895
18307
30852
32066
31390
30852
23130
30545
26260
31157
30998
32055
25585
28679
32368
31194
31809
31809
30544
31942
31837
31157
31057
29043
31157
28802
31337
31478
28970
30852
31950
30855
31010
31667
30805
31010
30852
29812
31837
30366
31615
30550
30852
31662
31584
31879
30003
31243
30792
31157
31667
31052
28802
31952
31967
31774
31194
31194
30702
28733
26791
31853
31121
31809
32134
26881
29906
31809
31809
31288
32134
30852
30752
30114
32426
30513
30920
25194
31809
29493
24855
28801
30852
31809
28005
28802
30391
25294
31809
31307
30805
30329
27197
31890
30041
31052
30541
31615
26752
31320
31793
17251
31697
31653
30752
30513
30630
31697
30852
26999
30041
31052
32242
29073
29223
30852
30366
26206
30818
30115
31950
17778
30513
32134
31086
30852
32113
32094
29659
31809
31809
31504
30581
30818
30615
29073
31697
30750
30787
30632
31608
30563
32439
31962
30544
32073
32094
31962
30864
30852
28500
27207
31440
32390
31157
32334
31809
29975
30978
30163
31157
30901
31126
31194
31201
26764
32106
27001
31576
30513
30920
32439
26061
28083
32065
31157
24131
30775
30992
30152
31809
29043
32659
31336
31201
29906
30329
31562
30041
31832
29906
27990
31121
30513
32095
25269
28567
32139
30391
30256
31157
32174
25165
31121
32194
26965
31288
31427
32280
31157
31809
31157
30752
29749
30141
30750
28802
30541
31667
31809
31869
32014
31555
20317
30003
29534
31288
32098
32134
22373
26245
31555
30992
31950
30505
32028
31924
31052
30568
31437
27681
32055
31862
30568
30852
31809
32055
31157
31704
31809
28762
31906
31809
31194
31809
32067
15297
31201
31157
31974
30198
31363
32067
31662
31336
32069
31157
32015
32055
30852
31950
32055
30852
31555
28571
31639
30818
31778
31809
31390
32055
30513
32285
31131
29354
31157
31201
30513
31662
32055
32390
31960
31837
32172
30513
30115
31157
30550
31052
29087
30852
28882
30727
31690
30852
30852
28643
31507
31555
29590
30852
30513
31504
8535
29906
31655
31669
32134
29673
30961
31057
27697
26888
30329
29965
31809
30792
31690
30852
31157
30513
31336
30852
30541
32134
31410
31809
31194
31010
32439
23103
31855
30513
31809
31057
31666
32067
31214
32106
32142
31390
30513
31555
31390
30987
31157
31950
30852
31837
28534
31243
30852
30152
31809
31809
31157
30513
30041
30961
30329
31697
30752
30050
29218
30852
31157
31837
28802
31920
30568
30688
31880
32439
30513
31312
31662
30852
30852
31662
31031
30843
32134
30041
30837
31809
31288
30852
31614
31942
32113
32217
31809
25502
31390
31427
31809
30852
31279
31157
31504
32139
26388
32139
30818
32037
29583
32439
32106
32403
25672
30329
30852
30852
27828
31655
30513
29906
29200
30852
31121
31485
30406
32055
31809
30852
31967
24462
30852
30787
30513
31809
31181
28500
30329
30852
31809
31157
30852
30852
32055
31057
31131
30809
31667
16667
31157
29922
31288
31023
28733
32055
31010
28983
30852
26416
28802
30992
31052
30495
31052
25223
32120
29673
31995
31219
30010
30852
30391
30115
30163
31194
30855
30218
31837
31837
32055
32532
31343
27604
31809
31052
32029
32392
31837
31157
29338
32142
32139
28208
28882
31527
30513
30852
32172
31855
32094
31385
32334
31527
31052
31537
30568
31911
31157
31343
31809
29923
31967
29073
32094
32029
32106
29875
31793
32180
31736
31052
30329
32134
32448
32029
31809
30852
31555
27928
31809
31138
30852
28571
31809
31031
31052
30256
31837
30890
31837
15473
24690
30787
30727
30852
30545
31157
29673
31809
27363
29971
29705
31052
31143
28500
28993
30852
28703
31778
30495
30852
31191
31157
30545
30513
30793
30992
21286
26666
29141
29258
32037
29141
30852
30568
31809
30513
31555
31004
31150
32120
31572
31809
32095
31157
31662
31181
29906
28733
31390
31640
28474
31121
31869
31809
31052
31891
28083
27604
26942
30750
25035
32323
30852
29923
28318
30741
31629
29795
30568
23166
31697
30488
30617
31772
32267
30992
28199
31662
30852
28318
30673
32015
30545
30544
29906
28925
28826
30673
28083
26855
30650
32052
30686
32055
29852
26575
30568
32055
30818
31201
31157
29466
31942
28802
30852
30852
31809
30002
32142
31569
31157
31667
30852
32302
27412
29742
30686
32094
31236
15586
31157
31279
30810
31207
31594
31157
31555
32134
31809
31862
27890
28225
30041
26535
27604
27890
31697
32106
30727
32172
32055
32156
30852
30550
15971
30852
32174
31942
31794
31157
30550
31255
30754
30992
31837
31809
32134
29673
32055
30852
30513
32180
25378
31662
28225
31131
27873
31837
20021
31809
31121
26906
29800
31809
27414
27259
29223
31809
31374
30787
25223
31052
23430
29927
31121
27694
26975
30920
26849
30852
31243
32064
30852
31157
29923
31121
31537
31706
31038
30513
32292
30513
31809
31662
31085
31669
28802
28582
30699
31157
31809
31157
30285
31809
32029
31537
31967
26865
30329
30699
31010
26791
31679
28500
26791
30752
31055
30152
31157
31809
31416
28318
31944
30568
30356
31697
31194
31057
31837
30852
32055
30852
31837
31809
30852
32383
30686
31126
30852
31809
31809
31809
31669
30837
31157
27901
32029
31194
27059
32055
31993
29055
30513
31809
26452
26362
29218
30752
30102
30568
31837
29543
30152
31010
31697
30818
31809
30818
27041
31052
28733
32134
31056
29906
32134
31809
31157
29906
31390
32142
29673
30818
31052
31194
32055
30818
30904
30190
30852
30852
32334
31121
31157
31056
30852
30190
30513
32383
31855
23352
31121
27227
30752
31960
29673
29243
31809
19265
30852
30852
32187
30750
31667
32029
31950
30513
31157
31332
31809
29200
30513
32483
31809
31566
31832
31121
23735
31121
29073
30256
30852
31052
31595
30544
30041
26206
31026
30856
28534
31121
27375
31157
26524
31809
29923
26584
31288
32020
31121
27930
27864
30852
27547
32285
31950
22966
29230
31288
30541
30060
31555
32297
2932
12034
30513
30688
31131
30686
31809
31504
31943
30852
32055
31433
31809
30750
31194
31809
25080
26184
31809
31735
31667
30177
31086
23124
30568
31884
25432
31288
30792
30852
31772
30911
30852
31299
31809
30852
30852
28683
31696
30792
31057
31150
30513
32532
31002
31288
29784
31052
31057
31288
31052
30329
32142
29923
32220
31837
30771
31101
28356
30152
31194
31157
30852
22416
30550
31052
31750
31214
32304
31537
31307
31231
29906
29888
31562
31708
28802
29906
16151
29534
30852
31288
27547
27864
31774
30852
31837
31194
31793
31869
31157
29723
31315
32025
27864
31620
30852
31255
31809
31880
31381
27547
31288
31809
30102
31809
31662
31288
31255
31194
31157
31809
28095
30190
31215
30513
30852
28582
29144
31931
30190
31967
30110
30852
29775
28733
30727
31194
32109
29133
31967
32334
28571
31288
27670
31194
28174
31086
32134
31231
32095
30852
30601
24968
31793
31760
31121
26906
31121
31974
32334
30773
32113
31809
26717
31809
21362
31920
30852
31662
31288
29322
31288
31010
31697
30852
30041
31150
28802
31809
32055
31057
32029
31014
31837
31299
30939
32258
31809
32390
21671
31052
32171
32094
32134
30852
30852
30852
27858
31157
31250
29504
29673
28083
30818
31809
32139
30513
31809
31809
31194
28500
32399
32258
28733
31697
31809
32336
24828
30852
30852
29718
32336
31950
17253
31504
31305
31390
31537
31194
31052
25738
28441
29385
28225
24828
24133
32368
30792
30568
30686
30752
26759
32099
31121
25988
29164
30329
28802
32055
30818
27604
30852
31416
29906
28882
29466
30852
29815
30356
31282
30852
30805
31157
31057
27375
32094
26630
31697
31255
30750
30852
30686
30852
32174
31157
31052
30852
31837
31121
31121
31826
30733
29732
31288
30985
31279
30852
28802
30875
31157
29200
30805
31809
31809
31950
31438
30752
32174
28733
32055
31794
31954
32055
32055
29906
27425
32094
30852
31950
31391
30852
31837
31390
30852
31942
30010
30852
31478
31815
31950
31052
32134
30852
32575
28225
31809
4008
30545
31157
30750
29250
27604
28589
30800
32055
27481
27096
32055
31131
29975
30852
31998
32113
31809
31747
32439
30818
32134
32030
31010
15923
31960
30920
31594
31478
30852
32250
28055
32037
31285
29077
29073
24635
30329
30329
30752
31001
25612
31735
31558
29912
31809
31478
32134
31697
30852
30750
29469
32055
32055
31157
30852
31732
30818
32076
30752
31157
31655
31063
30851
26985
32372
31662
30513
32095
30406
30961
30754
30750
31194
22832
31697
31488
31279
31666
31157
32390
30818
27569
30513
31121
31427
30544
31972
30852
32439
32055
28318
30852
30081
31967
26855
28802
30818
30568
31793
30852
31862
30752
31822
29883
32080
30852
27786
31055
32120
31121
30792
30852
31942
30245
31052
30329
32055
29906
31809
31194
27670
31272
31884
24404
30568
26535
29543
31194
32121
31809
30391
30852
27974
29020
30776
30513
29211
31052
30792
27604
31880
32113
32099
32134
30391
29134
31157
29906
31809
31181
32106
31655
31052
31279
31943
31157
26535
28500
31157
31809
23723
30513
31131
31194
31809
31390
30998
29673
30513
31608
31010
31950
31126
30544
31138
31288
30792
30420
31697
30041
27481
31809
31157
26906
31121
30329
31837
30686
30513
28264
31497
31837
31525
30541
29635
32120
31115
31809
27084
29906
31809
30852
29073
32142
30356
31430
31474
30630
30852
21755
31662
31230
30513
28542
32106
30568
31667
30544
30852
31200
30852
30513
30852
32142
30852
30673
29200
23738
31837
25276
32320
31157
31121
29242
31194
27041
31057
28769
31745
29613
31555
24951
29073
31837
32400
31194
31774
31157
30852
22301
32106
30350
30818
32106
31809
30545
27191
30818
30818
31390
31516
30513
29020
31121
30568
31697
31697
30149
31621
28170
31809
31121
31855
28428
31485
32098
31201
31482
31194
31809
31272
30513
30144
22732
25988
29736
31837
30037
31410
30855
31809
31150
31880
28802
31809
31906
30984
29820
31837
30406
30818
31809
31121
32334
30329
32171
28733
31809
29906
31809
31697
31288
32406
23996
27678
31778
30852
31390
30752
32055
27996
31121
30391
29020
30051
30800
31809
31504
26197
30852
31837
30420
22099
25296
30727
31809
31809
30329
29978
32302
30513
31121
29985
30745
31288
31809
31809
31131
31943
29142
31332
31809
30544
31504
32439
31662
31809
25792
30329
31131
30329
31809
31809
30852
31673
30818
31662
32405
30852
29467
31960
32106
30163
30864
31307
32380
31794
30758
31594
31288
30886
31697
30229
31157
30818
27678
25854
30406
31157
31793
30473
31243
32094
32029
27096
31855
30852
31131
31126
30852
30233
30420
30495
30920
24445
32054
31809
30852
30852
31809
28925
30513
32561
30852
31157
31380
31855
31809
24515
31299
32067
31374
30256
31288
30992
29739
30041
32659
30834
30190
30750
32094
31181
31362
31131
30869
32062
32029
29073
30645
31669
28567
30852
30550
31809
32483
22732
30752
30495
30218
28269
30041
31121
30852
28387
32134
30805
30673
29608
31971
25223
23430
30852
31967
31157
28456
30852
30750
31697
31933
31250
32181
29785
31150
31809
31052
31341
30081
31157
29906
30852
31121
32136
31968
31052
31809
31157
31023
32055
31121
31992
31233
30741
31150
31288
30852
30852
30665
30676
31031
20581
29723
31157
31837
31288
31513
31778
30495
30852
31809
31798
29223
31715
31157
31010
31837
30852
31809
31157
27283
31157
31809
30473
31942
31809
30852
31052
30852
30805
31809
31255
32055
32134
31809
30411
31815
31627
31010
31747
31697
30596
28500
31950
30752
28937
30688
31157
30752
30800
31615
31950
31809
30852
26791
30805
30545
32139
31527
30818
31809
32439
31794
29852
30041
31046
28733
30909
30852
31295
31288
31121
32055
30513
31809
30513
30852
26855
30513
30041
30513
30513
31809
31809
32121
30852
30852
31809
31809
32029
21787
30843
31390
25445
31194
31916
28456
31010
31662
32439
31809
28415
31052
30792
27604
27604
32026
31157
30544
31010
27837
31809
31057
30513
31895
30818
29906
32027
26477
31809
29534
31194
31157
32439
30102
30852
30752
30852
31157
31809
31121
27096
31504
25147
31478
29906
31194
29906
31343
32402
31057
30852
30750
30852
31880
31815
26605
30752
30513
31288
30163
30256
32134
31967
31809
30867
31126
30989
31194
30513
31157
28638
27604
31279
31809
31837
32037
31778
31809
30852
31853
30428
31809
32295
25707
31504
31504
30495
30792
29174
29534
31974
30796
30852
32444
31726
31809
31108
27382
28174
31809
31150
30852
30363
27439
32139
30901
31052
31255
30852
29073
30673
27995
31809
32029
31307
30800
31815
30744
29502
30041
25579
31031
28802
31809
31192
28530
31194
30254
31052
31052
31809
26053
32055
30568
30329
31689
29906
30329
31157
30852
31837
31561
31121
30513
30818
24759
30513
31060
32094
31793
30852
28083
31809
32187
31131
31809
31794
30852
26313
31478
28479
31121
31346
31157
31538
31057
31809
29906
21787
30235
31436
31809
31809
30852
30998
27239
29977
31837
30852
32023
31288
32094
30182
31157
31288
31690
31697
31837
26184
32444
31960
31736
31194
26641
30824
32029
31157
26791
31809
31809
27963
30852
31157
30852
31010
26535
31121
31181
30852
31288
29001
31853
31809
32020
31023
28318
31390
30545
31194
32416
30852
31809
32015
31200
32148
31967
28582
29478
31031
28802
30513
31880
31880
31157
31809
26999
32302
31809
31809
31736
30992
30902
30513
31052
30750
32532
31121
31697
31697
31038
30221
31157
28500
27873
26221
32211
30818
31667
29218
31201
31288
32055
27392
31201
32279
25055
31853
29141
31121
30852
31809
32055
30702
32145
27600
26169
32055
32106
29673
30852
31131
31884
31942
30003
31793
31666
29923
30852
32084
31697
32029
30041
30420
31545
26584
30673
28509
31809
31121
31121
20408
29906
30750
31853
30852
30792
31967
31157
31343
31674
32106
31837
32334
30177
31809
30852
31836
26999
25854
30233
30852
29845
30805
31266
21237
27096
28933
31343
31697
32134
32171
27041
29732
30998
31052
31080
31288
31131
32306
30041
31150
31793
32323
31010
30852
32055
30934
28216
31936
31130
31942
31121
30852
31774
31673
29923
30896
31942
31837
32050
31010
30752
27606
30818
29302
29996
31052
31815
25931
30818
30329
31194
32439
29906
31697
32055
30852
31697
31121
28708
31251
30391
30048
31950
32029
31157
31288
27604
31012
32139
30298
31809
25223
31161
31809
28500
31809
30852
30198
30852
23580
23971
30083
31809
30495
32055
31121
31540
31837
31809
32103
30473
31809
30992
31201
31938
31194
32334
31862
31974
31288
30818
31809
32112
28802
31157
30513
31430
31374
0
30852
32055
31243
30800
29906
27259
31809
29573
31157
30864
31880
29587
30750
31822
31478
27041
31121
31837
31236
30041
31837
31052
30852
31697
30752
31057
31194
32070
32334
31344
31390
32055
31052
31809
31288
31809
31201
32095
29673
30550
31869
27720
32084
32177
32139
32029
31803
28257
29543
30919
32139
30443
32055
30852
31157
31004
31793
30792
31837
31809
22732
18793
31809
27504
31837
30673
30818
18822
30837
30852
31027
26775
31007
30513
30852
30750
30568
31052
32094
30818
31662
30800
31200
27928
31527
30818
30420
30713
31882
31031
30550
30513
30818
30852
31794
31157
31121
28802
31837
31593
32106
31809
28500
29223
31662
30513
30852
31950
32095
32334
30855
28925
31853
30329
30513
32055
30329
31809
32098
28140
28411
30420
29663
31938
32029
31157
30852
29018
32134
31157
32483
30164
30709
23760
31697
30513
31052
32368
31157
29736
31943
32149
31243
32037
30752
30495
31809
30041
31066
31697
30513
31157
32029
30709
31809
31157
30852
32134
31527
31809
961
31052
31942
31052
30852
26584
31052
25862
30818
32439
30513
30329
30852
30968
30818
27179
31055
30581
30852
30852
30852
29601
25223
30852
29973
30207
29223
31031
31052
32134
31960
26791
31201
31920
32180
27072
30852
28500
21496
31732
23753
32055
31288
30541
29923
31157
29590
25194
31809
28937
28667
20939
30513
32334
31815
31902
31809
28083
31157
31334
30498
25931
30852
30852
29174
31010
31052
31157
31815
32029
31942
29174
30087
32113
29906
30037
32134
30152
31809
31837
16864
29223
30852
31010
31305
32400
31815
30156
29912
30152
27439
31052
30792
32139
31663
28225
30852
31057
32152
30513
30992
29437
21576
30372
30513
31157
24990
31336
32285
31809
30805
22988
30810
31809
30329
30513
31157
28197
31809
31809
30855
30852
31121
29200
30852
30939
30726
31942
32134
31052
30852
28472
30852
31837
31690
28140
32134
30152
29923
30541
31667
31697
31057
30852
31555
30750
29852
31809
32483
24528
30852
30852
31615
11501
30792
30852
23414
31320
27259
29230
31194
32055
30513
31139
30083
31809
29487
31809
31697
31157
30852
30041
30856
31243
31809
30818
31809
30136
30571
32105
32102
31052
31157
31504
30149
25976
32023
25346
31544
18956
32055
29952
30852
32523
31993
31962
30852
31121
29330
30750
31697
30980
29732
32035
31057
31288
32060
30717
31052
31809
29923
28582
30852
30978
32172
29005
31809
31057
32355
31793
30568
32592
31243
32403
32372
29943
28802
30152
31052
31615
28708
31434
30513
27692
32050
31381
26308
31920
31052
30329
32037
32102
28461
30366
30454
31950
31214
30852
31444
30850
28567
32292
25003
31570
31288
27604
28762
30818
30852
31300
31837
31038
30792
30852
31809
30541
31052
31350
32321
31194
31809
32055
30750
30852
31801
32032
31809
31809
30852
31052
32229
32425
31525
31157
27072
32098
29062
32439
28683
31429
31809
25381
28264
31906
31194
32055
31052
30852
31157
31161
28571
21538
21922
31131
30843
31809
30541
32154
19864
30513
28414
30329
29141
32139
30852
31809
26184
32134
31809
31545
30792
31201
30256
30902
31809
31809
31697
30513
31157
31809
32134
31250
29230
32134
31809
31950
30568
31555
30233
31288
30852
28162
32139
29906
31157
30818
30391
30852
31052
30163
31667
31809
30190
30852
31809
30852
31674
31809
30805
30513
30881
30852
31201
29005
31853
30800
32336
31121
31931
31121
30852
32253
31194
28937
29133
30948
31052
25051
31815
30752
30750
31815
30495
31086
31138
30752
31131
30513
31697
30016
31837
30852
32055
27847
30792
31157
31201
32439
31052
30568
32055
23347
31884
28679
31794
31837
29923
30513
29923
30852
29673
31809
30750
31052
30752
30568
31157
32094
30190
30513
32028
28802
27096
31809
31224
32042
32055
31056
32403
29997
31809
31594
31793
30709
31931
25761
31655
32095
32142
27096
30541
31736
32067
30852
31809
31243
31809
30650
31809
30852
30087
30852
30855
25866
32055
31809
31960
32032
30852
31052
30752
25223
31809
31837
32055
31170
31809
32015
31783
24263
31052
28534
29055
28988
25035
31250
31057
31157
32441
31010
31121
31809
31655
31213
30852
31052
29764
29906
32659
31809
31697
30852
23854
32180
31809
28500
31010
31031
29673
31157
30998
29200
31855
31544
31121
32029
30218
31960
27259
28925
28435
31837
32134
28993
31809
28762
30800
30750
31950
29934
32094
19121
32094
32171
30852
32439
30919
31837
31809
29621
31942
30852
28925
31662
28225
31288
30852
31121
31080
30495
31052
25223
30329
30852
32439
31359
30163
30852
31157
27864
31136
25924
31157
30818
31126
30676
29543
31485
30911
30673
30852
31057
31809
23717
31809
31960
31809
32029
31809
32029
30752
31615
31288
30550
31993
31236
30852
31967
30818
32098
31809
31325
31157
31131
31052
31774
31150
31662
31157
32139
29073
31157
30752
30676
31809
31815
32084
31840
27759
31936
30852
31288
31194
31038
31121
30636
31250
32106
30852
25138
31697
32400
30041
32055
32106
32439
31920
31809
30834
30852
30329
30568
30852
31837
28643
30852
32297
31250
31962
30673
32512
32134
31837
31809
31288
30852
28275
31005
31713
31809
30752
31697
31444
30852
16199
29673
31572
30993
31157
31086
30513
19172
31615
30041
31809
30752
22282
30852
18126
30852
31194
31157
31157
28103
31121
29908
26855
30727
30513
31157
31809
31207
31809
31899
31057
32400
31374
28530
31288
29288
31288
15949
30329
30852
31397
31131
31697
31809
32037
30513
31350
32403
30372
30041
21922
30495
30329
31300
31879
28174
31950
31666
31837
32134
31052
31750
30726
31052
30818
31121
30852
30495
29973
30743
30800
31855
31794
30852
32055
30110
31052
31555
30852
27562
30541
31157
31906
29055
31809
32055
30852
28500
28884
30852
32390
30852
27604
30568
32319
30852
31010
32029
28638
31121
31157
30902
28263
31690
30852
31809
31809
23829
31052
27697
30544
31809
32055
31121
31157
30541
31052
31809
32164
31126
30495
31194
30852
24855
31527
30752
30585
31667
27604
30513
31809
30673
32094
30093
32055
30156
31669
31809
31537
31931
31052
32055
31157
30890
30660
30852
30852
32152
32029
32055
31333
31809
31010
32140
31052
26535
32106
32389
31390
23328
29908
31697
31555
30818
29223
31809
31809
26881
28733
28664
30513
30800
31157
31157
31942
30041
31987
31126
31697
29934
30568
26345
31809
31121
22988
31962
30673
26736
28802
29934
30726
30513
27692
31923
30852
32267
30852
32426
30366
30818
31504
31214
30376
32592
30513
30818
30852
31392
32102
32054
30513
30852
32094
32172
31157
32372
27096
32072
32029
31809
31021
32102
27639
31478
31809
30495
31157
30083
31809
26760
27475
30372
31288
31809
30818
31288
29906
23037
31212
32055
29223
31052
30852
31194
30852
30852
30190
31057
30800
31023
31880
31305
31943
31629
32029
29906
29923
31662
30911
31250
31855
31214
29975
31558
28263
30329
31809
31809
30513
32200
30911
31809
31674
31809
31305
31052
31837
32098
26764
28772
29591
27697
31655
32055
31341
29723
24567
31125
32368
31288
29971
32139
31194
29074
28571
30852
31121
30348
30673
31157
31615
31325
30673
31028
25223
31288
30852
32029
30513
31010
30852
31821
31057
30852
31967
30852
30513
32153
30329
30852
30420
26184
30750
27505
31343
31031
30513
30852
30818
31052
30792
31809
31614
30818
29906
30513
21907
25761
31809
29469
31809
29590
27604
31967
32080
31157
31809
32106
31884
30752
27864
30420
30852
30513
29673
30852
31157
29125
31951
30513
32094
30513
30912
30818
30513
32142
30818
31121
28667
30550
25738
29200
32098
31236
30852
28680
32134
32055
32113
31837
31809
30329
31010
32021
30513
30862
31697
31960
30550
30083
31381
31194
31924
30218
30752
31157
31837
31250
30041
29906
30810
30607
31194
32055
31809
30495
31157
31809
32055
26535
27239
30495
31052
30568
31774
31697
31308
32037
30510
31809
32032
31960
31052
31157
31809
30961
31555
30156
30738
31960
28889
31157
31847
29812
32439
27604
29852
31255
31157
31194
27438
31131
24710
32029
32108
31052
31485
30037
31809
31131
31390
31052
31288
32037
30752
31236
32400
27570
28876
30992
26738
27409
28802
31157
31899
31157
30852
32483
31121
31390
31837
30513
28500
30805
31121
31434
31655
32138
30852
31052
31809
31504
21414
30671
30852
31390
28787
32089
30376
30148
30852
28802
31157
31121
29478
30992
32028
30852
31697
31594
32447
31809
27697
31713
31809
32403
28440
31157
32120
30952
31194
30391
30673
23465
32439
29852
29278
32055
31157
31157
27547
31194
29404
31667
31974
30852
31374
32134
30855
32020
25223
30805
31567
30852
31793
30862
31615
31157
31344
31960
31920
25223
32113
32194
30513
30752
31774
29906
32142
31157
31809
31809
32106
31157
29923
31697
31288
29420
32267
31288
31288
29534
30513
27995
29055
31179
32373
27547
31244
30467
30513
27174
28919
32094
28401
31031
29218
31157
28571
29057
31809
32134
32439
30201
31809
26584
30686
29906
30513
27731
31809
28582
31052
30752
25401
30473
31697
31555
31171
30852
32302
32058
31960
28486
31809
29673
31837
25223
30041
18533
31157
30852
31052
32439
31307
31697
30750
29906
30818
27096
30673
30750
30163
27547
31845
30568
30852
31010
31809
31736
29151
32334
28673
31774
31640
31052
32532
31288
28802
31715
31837
30852
30800
31555
32032
31950
27547
30852
30462
31157
30852
29888
31121
30752
30495
31083
29385
32411
27041
31288
27072
31809
30513
31288
31157
31809
23450
30852
31010
30110
31794
23784
31157
30818
31201
29235
30041
32483
31942
31194
31697
30775
31655
31052
30752
32191
30852
30800
32258
30852
30968
31809
31809
32098
30818
31157
31038
31837
30852
31809
28993
30852
30650
31288
30752
31855
31131
31106
30420
30673
31121
31131
32368
31231
29207
31157
29742
31052
30852
30673
30544
31300
30495
32139
31662
31902
30752
31194
32285
31231
30818
32055
30834
31809
31815
31157
30513
31815
29073
31385
32239
31809
31722
31987
29374
31743
31837
30852
32026
27995
32334
23905
32067
31288
31614
27890
30902
25194
30256
30852
31131
29613
30792
29927
32439
30852
32659
30855
30513
24710
30149
32209
30752
31336
30818
31236
31157
29230
27379
32095
31967
27404
30544
32134
30296
31157
32334
21382
28925
31131
28754
31157
30673
31809
31989
31194
32055
31837
30671
30513
29923
29591
32319
30513
31288
30110
31809
32055
31157
31809
32026
32095
29164
19635
30673
30041
32402
30329
29673
28225
32250
31809
31555
31231
27239
31288
31052
31157
28509
30852
31837
28500
31010
30818
30513
31157
30544
30544
31194
31809
28769
30513
30495
30852
32439
32106
30229
25230
21922
31853
32250
32020
31157
32011
29975
31210
30544
31157
31150
30752
32217
31774
31837
29702
30866
32103
29174
31809
32055
30818
30420
30420
32338
32029
28733
31809
31837
31760
30329
29218
21901
32439
32260
31157
31809
24937
32465
30152
29207
31010
32261
31052
30536
32383
31960
32067
31478
31815
28225
26184
26855
27183
28500
31390
30513
31837
31052
31288
28225
29200
22488
32279
31194
31809
28887
30471
32229
31010
30852
31527
30818
29689
30792
31853
13177
29177
31809
30513
28368
32134
31480
30902
30550
31194
27072
31527
32172
31322
30727
32094
27072
31809
31131
31608
31527
32106
30513
30752
30852
32149
31288
31666
31809
31157
30513
30911
31315
27475
31809
31809
31815
30818
31902
30818
30852
31815
30929
30992
31390
31181
31667
32055
31126
32138
32250
31157
29469
31809
31948
30568
31933
32439
32055
31809
31809
30513
32029
31194
31697
31131
29543
31809
31800
32372
31809
32055
30495
32108
30818
26452
30902
31809
31960
31809
31837
21986
31697
31052
30420
31774
25761
30852
30630
30852
31486
30818
29141
25931
31760
30726
30495
30992
32334
31010
30852
31057
29959
29673
32134
31809
31655
31131
32134
29560
31121
29005
31121
32334
31213
31057
31527
31399
27463
31809
32129
30852
30818
32055
31880
29591
30443
31837
31837
31809
31121
24072
31962
30792
32174
31880
29005
32055
30550
32411
30513
31809
29923
23854
31255
32055
32369
30273
28673
26772
30513
30659
24753
30083
30513
31343
29906
31106
29043
28733
30852
31809
30934
31343
32136
32306
29073
30329
31497
30852
29152
26929
24710
31194
31210
31967
31157
23911
31608
31837
28802
25446
27192
31390
31194
31344
30617
31157
30702
31157
30852
32080
30852
32334
28828
31038
31648
31121
30852
31837
30686
30800
31010
27375
32098
30852
31809
31809
30886
28225
30818
30738
31809
27604
30513
31615
27648
30190
31288
32439
31194
27604
31223
30852
30852
31010
31282
30361
28095
31697
30329
30513
26791
31478
31879
31572
28500
31809
31157
32094
31131
25296
32142
27259
31057
30852
29374
30852
31809
30411
27504
31555
28762
31555
31200
30852
31880
30787
30818
31157
30992
31344
18199
30852
31201
31336
32525
32084
31157
31697
32328
26452
31488
32372
31320
31809
31010
31121
30792
32029
31477
30568
32139
30406
31370
27547
30919
29200
30852
26452
31847
31052
29912
31809
30366
30513
30581
31194
29099
31809
32055
24382
31809
30110
31772
28500
31809
31972
30852
30513
31662
30852
17892
32172
31157
31837
32113
32037
31951
32094
31157
31157
30852
26700
30852
31545
31555
32390
30190
30852
30828
28733
30834
31157
26584
31031
32403
30726
31962
31942
31131
31809
31809
31374
32253
30420
32106
31181
31359
31809
31620
26919
27697
32159
30852
31667
31031
32371
31974
31131
30513
30919
31157
31809
32174
31809
28832
30852
27296
29943
31390
31809
32262
31809
20530
29073
31809
31052
30513
31655
32530
32258
31809
32095
31837
31031
31157
30329
30752
30673
32193
30513
31809
30852
32405
29906
32029
30818
30114
31974
30864
31157
31809
29385
24694
31157
31778
27041
27547
30163
31809
27072
31987
32106
32403
29164
31809
31121
32066
30818
29906
30818
31010
31374
32055
31157
31555
28225
30852
30818
31157
31288
31669
32055
32055
29736
31837
31288
32095
31837
31157
31201
31121
32113
30455
31440
30892
31809
31201
31809
31131
30750
30545
30726
30852
32140
27096
32295
31902
30852
31052
29420
31942
32120
31809
32439
31010
30752
31166
31157
32172
25051
32055
29073
30329
28225
30792
26881
30852
30513
24139
27174
30041
30513
31157
31960
31288
30513
30992
32066
31288
31809
23717
30513
31837
31390
31690
28440
30254
9438
28802
31243
32029
31837
29243
31194
32426
30852
28339
27182
30144
28937
32050
32403
30180
31950
30852
32403
31527
31809
31150
29223
29860
31697
29923
31279
31288
31778
31288
31010
30864
32532
31809
31931
28733
31288
32441
29906
30544
30513
31023
31388
29943
30852
30852
29015
28802
30513
31194
30256
31967
29906
30513
31052
31809
31794
25223
27409
31131
32134
21787
30852
30985
31669
29800
32400
27072
32055
19980
31793
31052
31052
31743
31569
31906
30750
31869
26791
30673
31272
30495
28500
31052
27890
31157
30195
29906
28888
31057
30771
31207
30852
30800
31014
31288
30852
31697
30750
25174
30420
31697
29141
31288
31390
31157
31201
31594
31967
31960
32120
31809
31288
31809
32275
22396
30513
32055
29673
31418
32525
32134
31862
31988
31809
31809
31809
32106
30513
30750
30513
31809
30361
31793
31157
31106
31157
32106
32295
31343
31114
31809
31157
30366
30016
30852
30538
30083
19783
31390
28733
26881
30673
30081
31288
31055
31809
31855
30810
29031
30852
30102
30792
30852
32029
32355
31255
26078
26881
31809
30837
27087
31150
30163
30852
31809
28709
30750
31288
29005
31667
29614
30818
27018
31157
32046
31653
32139
31052
28802
31157
30630
32177
32380
23347
30428
30800
32094
31879
30998
30852
32106
32364
31697
29906
31157
31194
31288
30852
30495
32439
32302
30218
32055
30970
30852
31201
31157
28509
31662
30568
31315
28095
29543
31942
30513
30329
32094
31697
31010
31809
28802
31837
31837
31194
28802
31667
30852
31809
31809
30750
30852
32425
27890
31809
32020
31837
30513
31809
32186
30898
31157
30329
32103
31131
32055
31157
32441
29074
31825
25854
31615
31055
28078
29673
30852
30513
32029
31157
31742
30852
28174
32139
30513
30852
28834
28960
28925
31837
28802
24035
30608
31157
31305
31305
31157
31662
30818
31057
30673
31809
30513
31809
29055
26717
29367
30852
31809
28963
31809
31365
28802
31890
29673
30852
31809
31052
30852
27547
32113
31809
31157
31305
30852
32106
31057
31121
32134
32334
31057
32055
30152
31052
31809
28162
31837
29141
30920
31057
30513
29923
29599
30218
31697
30818
31837
28500
31653
31920
31682
30818
32212
29923
28589
29141
31991
31307
31809
31527
31809
30513
27189
31046
31697
31497
32060
30852
30837
29200
30818
32217
31994
30750
31157
27078
30852
31194
30852
31837
29336
31869
30560
32106
31121
30852
31697
28970
32368
28161
31809
31809
32334
31772
29543
32106
31815
31809
30852
29161
31010
31288
30992
28889
26477
31410
30513
30852
31052
32476
30495
31853
28440
31143
19630
30920
30819
32134
31809
30513
31809
31809
31809
29213
31655
30513
31305
24452
31837
30636
31514
31157
31967
31815
30752
26042
31809
30406
32355
30513
26931
30792
31924
28571
30513
31880
26832
32106
30818
32368
29005
32033
27604
31315
31793
31157
31815
31336
27072
29692
32334
32015
26881
32055
26791
25223
31288
31390
30818
31307
30163
30513
30013
31736
29820
32098
31153
30195
31809
31052
31809
31837
30852
30852
31847
31809
30256
31157
32113
31793
32411
31055
30513
29897
32050
30041
31639
30752
30513
30818
30650
30852
31809
31250
31121
26040
31837
28571
30545
31931
31157
30207
31308
31157
30372
31057
32029
28667
30752
30513
31697
28802
31157
31809
32139
31815
30852
30513
32095
30726
31815
29847
31121
31809
31344
32439
32366
32106
30329
30174
31080
31213
31343
30852
31230
30190
32319
30752
30852
30850
30968
31667
30200
30852
29985
31809
30296
31121
31138
31772
32011
31974
32106
31809
31157
28582
30852
29906
29906
32185
23450
31157
31157
28894
31031
27512
24199
31669
31121
31809
30828
32511
31315
29125
31959
31615
31057
31974
32055
31993
30818
30190
29928
31052
32066
31809
31809
31962
27439
27072
31385
30709
30818
32029
32029
30256
31121
32055
27837
31769
30673
30852
31052
31697
31157
32134
30513
32267
31809
31157
30750
31902
30041
18800
30828
32334
30568
30852
31809
30513
31179
30752
31131
30752
30568
32275
31920
31300
31809
31948
31662
29002
31809
31150
31157
30541
31667
30852
31594
31157
27121
31809
31288
25672
31052
31880
30565
31809
31948
31667
31837
30852
31555
30852
31960
30752
31809
32139
31809
32055
29230
31052
32139
31555
31201
32094
31052
31052
31809
30727
29923
31288
31157
31157
32094
27096
31332
30771
29997
31809
31809
28733
29943
31904
30296
30513
30852
30855
30115
31809
30513
31931
32055
30093
28589
31131
31243
31279
32285
31847
31809
27547
30329
26792
31205
30152
19635
29614
30852
31809
30852
31995
30516
31194
31809
31010
31131
30852
31194
31052
19756
30852
32334
23450
31052
30110
29523
32400
28135
31052
31809
32108
31960
26535
30852
28667
24608
32029
30818
28225
30752
31809
31898
31052
32098
32098
30852
31026
31486
30818
30513
31390
32441
26850
31020
31809
26845
30805
31052
32094
30992
27041
30589
30329
30852
31809
30852
27583
31809
31667
30632
32302
28197
31158
25593
30852
31809
31809
32037
31194
30852
31121
31879
29573
32095
30329
32055
31899
31815
26184
31157
31256
30041
31837
31213
31336
28047
30852
19647
32103
29906
32439
31735
30645
29906
31213
32029
31288
31052
31608
31121
31837
32139
28762
32055
32055
32106
30513
27547
29906
31794
31809
31555
29247
31385
32411
30852
31194
29852
32439
31194
29280
31157
30490
32158
29200
32055
32095
31690
31497
31010
30513
28398
30750
32172
30329
26906
32094
27463
31809
30852
30513
30245
30752
19360
31809
31555
23917
31052
31121
29934
27697
31809
32028
31880
30835
31201
30752
31567
30083
29142
31157
30929
31662
31794
31194
30852
30852
31057
29822
29906
31809
30792
30792
30513
32403
31867
31655
31837
26942
27041
27308
31943
31809
31266
31157
31662
30852
31390
31938
31942
23829
30541
31194
31320
30686
31288
32400
31288
32439
30852
30391
31809
31119
30673
30513
30787
31620
32336
31279
31843
32182
31052
27604
30852
30852
31288
30752
31201
30978
30329
32333
32070
31057
30495
30254
31697
28500
31942
32106
32029
32055
29973
29673
29543
30513
31942
30495
32051
32439
27562
28925
30664
31157
28802
30296
31052
31121
31157
31157
29943
30550
31855
30852
31504
30852
22416
30750
31809
32134
30852
24459
31715
30513
31121
31288
23910
30391
30920
31277
30406
31809
31010
31157
29230
31052
31527
30852
32055
27864
30545
30805
31962
30852
31879
28441
23163
31697
31157
27072
32055
32149
32139
27604
30852
30752
31809
28828
31667
31236
30852
29213
26905
31336
30852
31697
31809
31809
31157
32139
31545
29641
32103
30852
30818
30207
31157
32174
29943
29732
32029
27779
31200
30852
30513
29800
31388
30513
24072
31809
31194
31809
31759
31157
30852
30852
26717
30852
32084
29002
30437
29908
29379
31157
23083
32180
26738
31697
31697
32121
31157
31288
31815
25223
31809
31131
32055
30376
32656
27578
31288
28793
31669
30852
30495
31288
30568
32592
31427
31336
27207
28083
31052
31837
31815
32029
31300
23083
30852
26791
30852
28802
31157
32055
25401
31374
30992
29673
31809
31942
28989
31809
31809
32253
31157
31880
32099
31809
30852
31655
31809
31157
27604
27041
31697
31674
26535
30852
30792
31157
31272
32055
30902
30544
30818
31809
31855
32029
28733
31615
30852
28802
31452
28733
31809
32027
31809
31157
31010
31052
32134
31659
30081
31010
31809
32055
30904
31809
25290
30218
31279
30750
26775
31662
31010
31121
30920
31862
31809
30495
30513
30852
31697
30852
31157
30818
30852
31157
28542
32094
31837
30852
0
30776
31809
29923
30805
32055
31031
32102
29321
31902
30852
31655
27041
30855
31052
31157
30890
30567
30717
30852
26931
30391
31809
31809
31236
31138
31063
28174
31157
32055
30741
32439
31052
31194
32120
31181
30750
31809
31931
30466
27944
27692
30665
30752
31157
30329
31157
27072
29745
30852
31157
30752
30818
28166
30550
31949
30568
31201
31837
32029
31993
23738
30568
31697
31057
26078
30041
31809
31794
31382
30752
30329
30041
31157
27171
31809
31555
32386
31899
30852
28963
31250
31558
30041
29432
29725
31532
31343
30852
30852
31121
31822
30852
31143
31527
32174
31288
30673
29908
28893
32185
31880
32184
30213
25988
32149
31863
30805
31809
30852
30939
29073
31943
31853
26475
30110
30852
28083
32368
28802
27604
31157
31809
31809
30818
31809
31157
31690
30852
30221
32120
32055
31837
32113
30752
31809
30752
26057
30391
31809
29906
32055
30752
30800
30818
31052
28802
27087
32378
31555
30541
31942
30513
30750
31010
31555
31157
31052
31837
31010
29613
26791
32499
31853
31157
31273
31809
31655
30149
31809
31809
31809
30818
31809
26845
30878
31347
31867
31950
30727
31809
30372
30911
32174
30256
25531
31545
28318
32102
28925
32106
31164
31272
29200
31837
30818
30852
14436
30852
30787
29057
31967
31121
31959
31052
30513
32120
31816
30329
31194
30738
30513
31243
30800
31662
30513
28571
30992
30852
31157
31902
22909
31862
32148
31904
28802
32139
28571
28884
31667
31809
32055
28386
31121
31052
20479
30513
32134
29692
30852
31794
32134
30505
31924
32029
31194
31697
30852
29250
31504
32062
30545
31112
31157
31157
28925
32055
31809
32174
23723
30141
32055
31052
31052
30513
32174
32631
31213
30218
31406
28733
30862
30329
31090
30919
32174
31012
31662
30513
31014
32011
17855
31157
30852
32098
32015
15664
31126
18478
31157
29742
26641
32285
31880
30041
31057
32372
29141
31157
28983
29543
27101
28169
30852
30852
25223
30852
31809
30041
31478
32103
29543
30852
31504
32029
32233
31809
25761
31121
30852
31121
31288
30818
31862
31288
31170
31194
31052
30513
26535
31732
30881
30792
31255
26809
32055
31815
30852
31682
31194
29612
31809
30920
28769
29478
31390
29213
30513
31809
31288
31809
30545
30202
31194
31697
31157
28197
31150
30852
30752
30852
29923
31697
30852
32120
30792
31157
31697
32408
31194
30750
31586
29243
28802
30818
30852
30818
31131
31697
32067
31809
27562
31729
31837
31837
23292
26772
28610
30550
30372
32483
25671
30163
28802
31131
30852
30550
31853
31343
25223
27259
30544
30805
31920
29923
31732
32174
30852
31390
31555
28900
31236
31374
31809
27041
29613
30752
32159
30164
29906
32055
31157
32134
31310
31194
32094
31010
30835
31906
31288
31023
31809
30818
30852
32067
30495
31057
30329
25665
32029
31960
27692
32139
31933
31837
28802
29736
29113
31924
32055
30513
31026
30513
31655
29466
26535
30673
30673
30568
31150
24129
31809
32372
30190
27938
30550
31697
32004
27375
31504
27599
30818
31156
31201
32483
27908
30544
29906
30058
27258
28925
32106
29732
31853
32094
32055
31052
31809
30787
31837
31809
31920
32134
30800
28225
31157
31615
31809
32094
30568
31667
30513
31809
26915
32029
31809
31679
29783
31655
30855
31157
31157
30828
30513
30156
31131
30754
31157
31157
31427
31967
31809
27018
30852
29917
32095
30852
30896
31288
32134
31052
31960
30852
30852
29044
30852
32055
32037
31950
31809
31931
30513
31052
31809
30544
23723
29906
26845
30513
28486
31669
30852
31851
31837
30296
32015
32532
31809
29673
31958
30329
31427
31950
30329
31931
30852
31809
30852
31667
31410
31390
30852
31884
29393
30912
31837
31121
25761
32174
32355
29787
31057
31246
31809
31809
31809
28802
31121
30607
32134
31837
31809
31909
30329
27439
30805
31052
31121
31794
25740
31121
25347
31472
31052
29073
31150
26775
32055
31236
31815
32134
28828
31555
31809
31157
32334
31667
30852
31157
31157
20179
32134
28802
30190
32134
30852
31057
31576
29223
32695
31892
31837
24694
19862
31343
30852
21919
31809
30818
31993
30852
31052
31809
31809
31305
30190
31809
31809
32098
30741
27207
30164
31809
28542
31967
28733
31809
32055
30391
27604
31157
31967
32055
31697
30852
31288
30904
32134
32029
30568
30818
31121
22971
30568
30673
31809
31023
31131
31057
30792
31052
31121
29572
30852
27547
30513
26042
27072
30818
31627
31545
30673
22589
30041
30083
30513
32439
30568
31052
29868
30329
30462
30513
27938
31959
32007
28802
31809
31674
28793
28571
27018
30852
31236
14149
28802
31066
26764
32106
31157
31131
30329
27409
32103
32055
31157
29612
30513
30852
30505
31697
31052
31121
31343
32439
28679
29043
27547
31837
31962
30902
31157
30792
31052
30513
30541
30852
31809
31920
25671
31288
32134
31052
30852
31010
27463
31201
28318
30855
31157
31555
31235
30041
31809
32525
32051
32103
31280
30513
30852
31236
29943
31809
28822
26535
31837
32029
31157
31485
27426
30852
31194
25025
32134
30852
30852
23778
28925
30852
31194
32371
31862
29019
31740
28638
28589
31157
31967
25619
30235
30495
30752
31809
27259
31815
31390
32094
31052
32142
28123
28571
32275
32055
32403
30752
31229
31121
31288
32050
31555
31213
28638
31837
31942
30513
31150
31181
31949
30834
31809
31052
30350
31555
29055
31157
31809
30818
31157
31000
31390
4580
32099
31250
30852
31194
23347
29020
30495
31243
26036
31855
27547
31809
30852
30852
30852
28733
31608
32368
31879
25223
32055
30513
32279
30852
31390
32355
30513
31859
32134
31194
32134
32028
32439
30920
10887
32426
31995
31774
27171
31052
31157
16888
30852
31809
30630
32055
27843
32029
30852
31057
30852
30852
31288
32174
28573
31809
29393
31121
31697
31783
31809
30709
31157
30391
30855
31157
30800
31194
32037
26906
26942
30671
27697
28802
32043
32029
31879
30406
30545
30818
21755
23554
28925
30852
31697
31052
30852
31697
27363
31052
29073
31504
31837
32267
31667
31201
31853
30901
31194
27379
27604
31150
23955
30163
30852
31336
31948
30727
28802
30407
31809
30852
24101
29906
31031
32098
30792
31942
31121
28799
32364
31931
31201
29543
31157
31555
31052
32267
31809
32439
32067
31194
31809
30559
27829
28500
32029
31052
31380
29908
30110
31920
31248
30115
31592
28571
31157
31131
26906
31697
27259
30852
31157
31194
29222
31809
31809
30329
31809
30420
31899
31809
19221
31837
30495
30852
31809
31527
30792
30852
28486
30852
31315
28802
32098
31809
31157
32134
30998
30279
28542
31697
31138
31288
28925
29211
31288
30495
31809
32067
30801
31809
30855
31621
30818
32055
31880
30852
21496
31478
32015
30852
29534
31615
30329
31346
32120
30818
31809
31822
32067
30852
31827
30664
30541
31010
32334
32398
21787
30852
30686
32055
30800
31504
28824
30818
31916
31809
26615
30850
31052
31537
31201
30296
19304
27155
27463
31794
30398
31052
30513
31847
31157
31855
24686
28862
27725
30329
27041
30852
27207
31809
30852
32255
30550
32403
31052
27512
31243
31809
30686
31667
31391
31555
30852
31213
31157
31950
28925
30513
29075
32037
32248
29243
30852
29852
31868
31121
28717
26431
32055
29515
28733
31837
31157
30513
31250
31809
30411
31052
31924
26764
32055
30818
31736
31960
32303
30329
32295
31690
30852
31809
31194
30568
31809
31391
30750
32134
32134
31622
31157
27604
29923
31131
31121
31809
31121
31837
31809
30852
30712
30911
30818
30852
32403
31837
32094
31057
31052
30800
30366
31809
31942
25707
25554
30919
22633
28733
27512
25740
30852
32106
31855
32439
31121
8421
30110
31809
30568
30581
31809
30673
29005
30329
31837
31121
31971
31121
30443
31985
31650
31655
30568
31057
30110
31288
29230
29142
30923
31201
32133
17988
30081
31809
31121
31157
30513
28733
32253
31201
31119
31809
31608
26775
32108
31704
30852
30420
30961
30792
32055
30852
31967
31862
31778
30329
32055
30041
30544
30727
30980
27604
30513
31669
31815
20278
30818
28500
29073
27097
29852
30329
32113
30850
31157
30792
31697
31809
31920
30177
32055
32180
32134
28449
31924
32439
30541
29906
31809
24101
30852
31288
32037
31821
31157
31157
31157
32403
31485
31194
25969
30985
31809
30998
31343
30391
31809
30513
32400
30852
23863
31394
28862
30115
30752
31662
30376
28495
30495
30513
23346
24594
32340
30513
30818
31288
28834
31052
31052
32368
31809
31121
30852
16699
29230
32113
27604
31942
31853
31194
28571
31697
29651
32081
31809
30420
28405
30513
30852
31837
25165
31320
30852
24990
30115
30852
30550
28643
21083
32098
32295
30852
30673
30544
32142
30852
31157
31279
28456
26057
32113
31052
31809
24480
31285
31809
30852
31288
30513
31987
31288
29906
31555
31809
31315
30852
31960
27096
27864
31809
31960
31194
30164
30513
30738
31157
31809
26196
29906
30660
30852
28334
31774
24339
30852
30852
31809
22301
30699
28733
31121
30329
30752
31157
0
32015
27207
30752
28667
31879
30329
30792
32400
31150
31194
31879
30738
30513
30852
30738
31918
31837
30495
32334
31332
31052
31920
30195
30727
28500
30741
30329
30852
26033
32055
32120
31126
32532
30233
29441
30329
30852
32328
30371
29906
31809
30752
27449
32334
32279
30156
31697
30852
31900
21623
31962
30852
31336
32055
31485
32139
29073
30513
30037
31809
31545
19630
27439
31837
29466
30792
31837
31697
30852
30851
31809
30998
30980
28440
30329
31662
28500
27678
31942
31194
31157
30852
31593
30828
31566
28478
27505
31863
31555
31995
32139
31809
31809
29223
30233
31194
28889
32020
30541
29174
31157
31697
30852
30329
30800
25065
31102
30852
32340
30818
31809
16864
30852
32029
20513
31121
31747
31862
30645
30568
31960
25223
30792
31942
28733
31194
30852
31057
31201
31423
32067
32055
31993
27938
31809
32098
26791
32055
28802
31031
30852
31012
31150
29906
31121
32334
32055
31853
30184
31809
31667
31279
31344
30513
31837
31572
30852
31996
32029
31315
30513
30752
30391
31809
32067
31809
26717
30792
30568
31194
31809
28993
30852
31931
31288
31837
31809
30756
31837
25230
30961
32134
31052
32239
32055
31150
31121
31697
28802
32368
31931
31288
30329
29020
30852
29906
32070
31157
31809
31043
30513
30805
28762
32177
32055
30513
28733
27604
31504
31636
27375
32055
31690
32037
31157
24354
31615
29983
32055
29906
31837
31343
31157
28937
31052
30750
28577
31485
29906
32334
27072
31485
30513
30852
30513
31288
31697
30862
30513
30852
30464
31747
32185
32055
32094
31794
31667
30852
31669
31157
29888
32321
30513
31390
31809
32217
31177
26472
25761
32439
32080
28733
32055
31809
31395
28664
25988
32336
31950
32106
31157
30852
26453
31121
31697
29647
30869
32075
31157
31967
30852
30852
30992
31478
31592
32174
29923
25317
31319
31121
31121
21056
31434
30852
28802
26221
30818
32439
31010
30568
30818
31555
31809
31967
30852
31201
30781
31130
31837
31052
24558
32113
31287
29614
31809
31157
27096
32400
31942
31697
32113
30568
31809
28864
30852
32172
29931
31157
31010
31697
31157
30852
31038
27692
31157
31031
30911
29965
32026
31809
22746
31201
32142
30361
31537
30115
30852
27547
31555
31031
31809
31336
31793
30743
31157
30852
32704
32106
31157
32029
31001
30752
30337
30852
32050
31794
29729
32037
27604
31305
32334
30752
30391
30920
31157
28161
32046
31662
31837
25194
31555
30692
30471
31121
31201
31662
27604
30852
28802
29572
30673
30792
31837
30752
32203
31157
28095
30329
30363
30673
29906
31669
31485
30741
31809
31052
30686
30818
31655
31809
31952
30906
30568
32403
29614
31052
30818
28500
30495
30998
32134
24565
27547
32055
32134
28318
32029
31052
31949
30875
30083
31344
21414
31809
32134
31555
31697
30727
31004
31157
31920
31305
30673
30329
31157
31741
31809
30818
31627
31837
32055
32134
30852
28882
28329
31194
31899
30163
26791
28802
31108
31288
31809
31809
31031
28571
30852
31608
24422
31052
31288
30755
32426
31837
31201
20695
30750
30420
31121
29055
22891
31390
32134
31157
31488
31558
31031
28970
31537
30800
31655
30843
32055
32134
30568
31344
29975
31057
31809
32470
31690
30852
32439
31527
28440
30852
30852
30875
32106
29906
31794
31046
31077
32439
31236
30992
27681
31157
31809
32113
30329
31880
32403
30852
32015
30752
31837
31815
31200
31809
31121
31809
31809
27409
31478
30545
30673
25223
30686
30541
31809
32055
30550
31809
28882
32258
30852
31809
28802
26791
30752
31236
32094
32403
31057
29927
31288
30792
25223
31572
29572
31052
28802
32037
30818
31555
31121
31809
31057
31157
31863
30920
29923
25086
31809
31809
31809
32113
29689
31157
31343
31121
31972
32134
31809
29923
31809
29923
31527
30329
31052
31288
31809
32520
27995
28166
31157
31809
31809
31655
31157
31288
32136
31615
31809
30513
30550
31920
24328
31213
30852
30852
31655
31390
31150
30752
32055
32383
29013
31662
31794
30852
27481
26867
31809
30513
32483
30513
29928
30852
31809
19304
32174
29174
29906
30852
28530
31697
31121
31288
31307
29614
31697
31121
31214
29906
30170
32483
29906
30455
30862
28044
30752
29501
22732
32094
32134
30513
29243
31662
31535
29073
32026
31682
31669
31157
24594
31052
31288
30852
30852
31809
31662
31307
30852
30391
30256
30568
29587
31121
31004
30754
32439
30919
30296
30852
31010
25373
30852
29774
31809
30818
30920
29888
32134
31305
30765
30818
22820
31157
24880
31862
30852
28679
31555
29906
31255
31498
31194
29906
22589
31615
31809
31052
32355
29543
31336
27773
31341
30818
31809
31551
29055
31057
29005
31615
31809
31052
29923
31809
30985
30367
31288
21469
27583
31690
32134
24855
27609
31880
31057
30852
31380
32094
26584
23202
32139
26243
30391
31052
31594
31959
31288
30329
31343
31801
30569
30544
30699
30750
28733
31194
31815
30752
32029
32267
32063
30792
30852
31809
31288
31213
31960
31809
25051
31366
31157
31150
28683
32052
30852
31809
30513
28963
30501
32103
31347
31777
26717
30852
31809
31066
30818
31121
31052
32369
31380
31157
32037
32532
30920
32134
25579
31572
32380
29795
30852
28894
31410
28754
31307
31809
31427
31239
23222
30805
26042
32267
30329
31809
32134
31815
30727
31774
31880
29852
29469
30852
31121
29074
30329
31809
31837
32406
28915
32055
27604
31055
29641
31880
29200
30544
31936
28667
32383
31010
32098
30852
30852
31855
25931
31255
32037
30329
30852
31125
28169
31809
30805
30752
31010
30473
32134
29612
29020
31201
25296
31157
31080
32139
32439
31157
30852
32055
30750
31288
31134
31837
31809
32062
31809
31697
30818
32137
31745
28329
30329
30752
31809
30550
32334
28750
32134
31121
30852
30513
31157
31288
30901
21787
30505
30750
26942
32134
31157
26764
32334
25223
31862
32134
31809
31655
28862
31052
31880
28802
32099
28329
30141
31942
32134
31962
0
30163
30852
31952
25223
31809
30792
28140
31177
31880
31809
31121
30372
31052
31279
31837
31967
28571
27207
32055
31828
31052
31315
32050
28387
31809
30673
31288
26791
31967
29543
31052
32235
31902
30350
31809
28762
30190
32334
31194
32106
31697
31809
31433
31427
32055
31265
30750
31920
31544
30495
29923
31288
28571
31697
13726
31478
31791
31243
31170
30673
31920
31080
31966
26109
21408
25035
31809
30752
29888
31010
30818
31150
21736
27104
31555
29923
31121
31809
31157
31201
32050
31809
31809
28318
31793
31201
30513
30324
30852
30852
25572
30852
30513
32067
29943
30273
31121
31376
31121
29934
31504
31307
31837
30852
26888
28486
31201
30051
30818
31236
27429
31545
32028
30568
28083
30406
24102
31288
30852
28802
21126
32174
28683
28822
31615
31950
30471
32139
30818
30964
31052
31809
26641
30856
31697
32139
31157
31288
29613
30110
30852
30818
28733
31809
31809
29223
30513
31010
30686
29543
20914
27604
30852
32174
30329
27697
31541
30805
32659
30828
29651
31837
30852
31194
30818
32134
30987
32120
31809
30400
30752
31809
31809
31010
31993
31157
31667
32134
31052
31942
31880
30727
30545
28542
31046
29534
30992
29950
30852
31307
31809
31057
30852
31809
30041
31157
30852
32334
31809
31837
31194
30443
32514
31809
31157
30448
29742
31157
32134
32162
31809
30673
30348
30852
28216
28862
28925
29230
29174
30852
32267
31809
32370
31809
32139
31655
30329
31809
31288
31942
30513
31809
30837
25051
30607
31243
30102
30673
29614
31809
26717
30943
32055
31052
31510
31288
31052
30852
31809
30466
30164
30541
28683
30513
31809
28083
30050
32098
31052
28104
27697
30852
30792
30886
25453
31504
30673
28733
30902
31815
32306
29663
24108
31181
30513
29654
31288
31900
32556
30792
30041
32055
31774
31288
26632
31157
30163
31157
31837
30329
30852
30852
31343
27938
31201
32439
31666
31031
31948
31052
31052
31809
31288
31798
29174
28733
30852
30852
32067
32055
30513
31157
31052
25055
30513
31809
30513
29142
31205
30329
30852
31959
31157
23723
27604
30852
24960
30544
29906
30541
31157
31891
31288
32106
30852
32133
29590
32134
30852
31809
19868
31809
30920
31793
30852
30800
30673
31201
31920
31157
25223
30939
31967
27096
30513
32055
30818
29943
30852
26821
31747
26791
31809
26600
30952
32134
32055
31809
30513
17574
29534
30632
26860
31772
31358
30852
31809
30818
31809
32139
31157
31809
31201
30743
30752
31201
31157
28802
24452
30792
31207
31181
30852
31931
30329
31837
32029
27604
32094
30752
31057
31667
31157
26791
31809
31233
31504
30545
25048
31809
31697
27439
30568
31131
30607
30792
31809
31662
30329
31121
30513
29014
32403
31809
30083
32029
30513
31987
31697
30852
31131
30852
31879
32334
30792
29555
30852
27481
31157
31853
29141
27096
31697
31809
31774
31809
31527
31697
31305
30164
31533
32029
30513
30673
27938
31958
31031
30898
32659
28802
31010
30850
31427
31837
30904
31194
29005
31809
31553
30818
30843
31809
32055
28428
32267
30163
30852
31090
31572
31809
30596
30852
31837
30904
28664
32067
32134
30337
29478
28733
31662
31809
30513
31288
31967
31736
31993
32439
31250
31121
31485
32066
30852
31052
31809
31809
30752
30852
30852
31207
30852
28225
30750
29923
31667
31279
31157
30541
31837
31052
31010
31121
31126
29141
30513
32055
30818
30541
31950
30544
29752
30513
29923
25223
32020
32099
32015
32439
28991
31837
31945
31405
31697
31837
31959
31288
30818
30513
31572
30750
31336
31024
31157
31131
32055
31213
32055
30992
29031
29906
31809
30727
28500
29020
30650
31697
30184
30852
31964
30505
29906
32120
31390
32134
30293
31157
32134
30867
31697
28970
26791
31809
31435
30852
28589
30992
30660
31809
31809
31815
25401
25223
31121
30665
31809
30818
28317
27604
31106
31057
32134
31390
31615
31482
28937
28787
31809
30513
30048
31390
31895
30775
31427
31427
31615
31052
28486
30391
32062
31809
32336
28802
28225
30828
31880
30037
32055
28882
29590
30852
32368
26791
32055
31485
31157
